#
# There is insufficient memory for the Java Runtime Environment to continue.
# Native memory allocation (malloc) failed to allocate 1658640 bytes for Chunk::new
# Possible reasons:
#   The system is out of physical RAM or swap space
#   The process is running with CompressedOops enabled, and the Java Heap may be blocking the growth of the native heap
# Possible solutions:
#   Reduce memory load on the system
#   Increase physical memory or swap space
#   Check if swap backing store is full
#   Decrease Java heap size (-Xmx/-Xms)
#   Decrease number of Java threads
#   Decrease Java thread stack sizes (-Xss)
#   Set larger code cache with -XX:ReservedCodeCacheSize=
#   JVM is running with Zero Based Compressed Oops mode in which the Java heap is
#     placed in the first 32GB address space. The Java Heap base address is the
#     maximum limit for the native heap growth. Please use -XX:HeapBaseMinAddress
#     to set the Java Heap base and to place the Java Heap above 32GB virtual address.
# This output file may be truncated or incomplete.
#
#  Out of Memory Error (arena.cpp:184), pid=9440, tid=37768
#
# JRE version: OpenJDK Runtime Environment (18.0.2.1+1) (build 18.0.2.1+1-1)
# Java VM: OpenJDK 64-Bit Server VM (18.0.2.1+1-1, mixed mode, sharing, tiered, compressed oops, compressed class ptrs, g1 gc, windows-amd64)
# No core dump will be written. Minidumps are not enabled by default on client versions of Windows
#

---------------  S U M M A R Y ------------

Command Line: -agentlib:jdwp=transport=dt_socket,address=127.0.0.1:64570,suspend=y,server=n -javaagent:D:\Users\hkeshavarao\AppData\Local\JetBrains\IdeaIC2022.2\captureAgent\debugger-agent.jar -Dfile.encoding=UTF-8 -Dsun.stdout.encoding=UTF-8 -Dsun.stderr.encoding=UTF-8 com.example.orderservice.OrderServiceApplication

Host: Intel(R) Core(TM) i5-8265U CPU @ 1.60GHz, 8 cores, 15G,  Windows 10 , 64 bit Build 19041 (10.0.19041.3636)
Time: Tue Jan 23 10:27:53 2024 India Standard Time elapsed time: 9.691706 seconds (0d 0h 0m 9s)

---------------  T H R E A D  ---------------

Current thread (0x0000017afd7d45f0):  JavaThread "C2 CompilerThread0" daemon [_thread_in_native, id=37768, stack(0x000000328de00000,0x000000328df00000)]


Current CompileTask:
C2:   9691 5384       4       sun.security.util.AbstractAlgorithmConstraints::checkAlgorithm (87 bytes)

Stack: [0x000000328de00000,0x000000328df00000]
Native frames: (J=compiled Java code, j=interpreted, Vv=VM code, C=native code)
V  [jvm.dll+0x6993aa]
V  [jvm.dll+0x7f46dd]
V  [jvm.dll+0x7f5fee]
V  [jvm.dll+0x7f66a3]
V  [jvm.dll+0x25cf1f]
V  [jvm.dll+0xb8c2f]
V  [jvm.dll+0xb8fa5]
V  [jvm.dll+0x3860cb]
V  [jvm.dll+0x34fe71]
V  [jvm.dll+0x34f30a]
V  [jvm.dll+0x230101]
V  [jvm.dll+0x22f4d1]
V  [jvm.dll+0x1ba01c]
V  [jvm.dll+0x23ee0a]
V  [jvm.dll+0x23d0f5]
V  [jvm.dll+0x7a6dd1]
V  [jvm.dll+0x7a120a]
V  [jvm.dll+0x698255]
C  [ucrtbase.dll+0x21bb2]
C  [KERNEL32.DLL+0x17344]
C  [ntdll.dll+0x526b1]


---------------  P R O C E S S  ---------------

Threads class SMR info:
_java_thread_list=0x0000017aa93d2ad0, length=18, elements={
0x0000017afd7b5080, 0x0000017afd7b6480, 0x0000017afd7cbde0, 0x0000017afd7cc690,
0x0000017afd7cd910, 0x0000017afd7d28a0, 0x0000017afd7d45f0, 0x0000017afd7da790,
0x0000017afd7ed940, 0x0000017aa29e5780, 0x0000017aa2a7eae0, 0x0000017aa2aa4ea0,
0x0000017aa2aa5980, 0x0000017aa2b372f0, 0x0000017aa2d3b7a0, 0x0000017aa4445630,
0x0000017aa3f45ac0, 0x0000017aa3f477a0
}

Java Threads: ( => current thread )
  0x0000017afd7b5080 JavaThread "Reference Handler" daemon [_thread_blocked, id=23580, stack(0x000000328d800000,0x000000328d900000)]
  0x0000017afd7b6480 JavaThread "Finalizer" daemon [_thread_blocked, id=6932, stack(0x000000328d900000,0x000000328da00000)]
  0x0000017afd7cbde0 JavaThread "Signal Dispatcher" daemon [_thread_blocked, id=29152, stack(0x000000328da00000,0x000000328db00000)]
  0x0000017afd7cc690 JavaThread "Attach Listener" daemon [_thread_blocked, id=37828, stack(0x000000328db00000,0x000000328dc00000)]
  0x0000017afd7cd910 JavaThread "Service Thread" daemon [_thread_blocked, id=31956, stack(0x000000328dc00000,0x000000328dd00000)]
  0x0000017afd7d28a0 JavaThread "Monitor Deflation Thread" daemon [_thread_blocked, id=34180, stack(0x000000328dd00000,0x000000328de00000)]
=>0x0000017afd7d45f0 JavaThread "C2 CompilerThread0" daemon [_thread_in_native, id=37768, stack(0x000000328de00000,0x000000328df00000)]
  0x0000017afd7da790 JavaThread "C1 CompilerThread0" daemon [_thread_blocked, id=24404, stack(0x000000328df00000,0x000000328e000000)]
  0x0000017afd7ed940 JavaThread "Sweeper thread" daemon [_thread_blocked, id=29324, stack(0x000000328e000000,0x000000328e100000)]
  0x0000017aa29e5780 JavaThread "Common-Cleaner" daemon [_thread_blocked, id=34188, stack(0x000000328e100000,0x000000328e200000)]
  0x0000017aa2a7eae0 JavaThread "JDWP Transport Listener: dt_socket" daemon [_thread_blocked, id=27784, stack(0x000000328e200000,0x000000328e300000)]
  0x0000017aa2aa4ea0 JavaThread "JDWP Event Helper Thread" daemon [_thread_blocked, id=25892, stack(0x000000328e300000,0x000000328e400000)]
  0x0000017aa2aa5980 JavaThread "JDWP Command Reader" daemon [_thread_in_native, id=32820, stack(0x000000328e400000,0x000000328e500000)]
  0x0000017aa2b372f0 JavaThread "Notification Thread" daemon [_thread_blocked, id=21076, stack(0x000000328e500000,0x000000328e600000)]
  0x0000017aa2d3b7a0 JavaThread "C2 CompilerThread1" daemon [_thread_blocked, id=37288, stack(0x000000328e700000,0x000000328e800000)]
  0x0000017aa4445630 JavaThread "C2 CompilerThread2" daemon [_thread_in_native, id=24840, stack(0x000000328f000000,0x000000328f100000)]
  0x0000017aa3f45ac0 JavaThread "mysql-cj-abandoned-connection-cleanup" daemon [_thread_blocked, id=12296, stack(0x000000328f500000,0x000000328f600000)]
  0x0000017aa3f477a0 JavaThread "DestroyJavaVM" [_thread_blocked, id=37368, stack(0x000000328d100000,0x000000328d200000)]

Other Threads:
  0x0000017afd61a1a0 VMThread "VM Thread" [stack: 0x000000328d700000,0x000000328d800000] [id=26360]
  0x0000017aa2b5a250 WatcherThread "VM Periodic Task Thread" [stack: 0x000000328e600000,0x000000328e700000] [id=35996]
  0x0000017afbafeae0 WorkerThread "GC Thread#0" [stack: 0x000000328d200000,0x000000328d300000] [id=26484]
  0x0000017aa3404040 WorkerThread "GC Thread#1" [stack: 0x000000328e800000,0x000000328e900000] [id=24184]
  0x0000017aa30b4780 WorkerThread "GC Thread#2" [stack: 0x000000328e900000,0x000000328ea00000] [id=32404]
  0x0000017aa34fe520 WorkerThread "GC Thread#3" [stack: 0x000000328ea00000,0x000000328eb00000] [id=37728]
  0x0000017aa34febd0 WorkerThread "GC Thread#4" [stack: 0x000000328eb00000,0x000000328ec00000] [id=20352]
  0x0000017aa3379040 WorkerThread "GC Thread#5" [stack: 0x000000328ec00000,0x000000328ed00000] [id=15324]
  0x0000017aa310dfc0 WorkerThread "GC Thread#6" [stack: 0x000000328ed00000,0x000000328ee00000] [id=32348]
  0x0000017aa37d7c10 WorkerThread "GC Thread#7" [stack: 0x000000328ee00000,0x000000328ef00000] [id=34548]
  0x0000017afd612080 ConcurrentGCThread "G1 Main Marker" [stack: 0x000000328d300000,0x000000328d400000] [id=19524]
  0x0000017afd613690 WorkerThread "G1 Conc#0" [stack: 0x000000328d400000,0x000000328d500000] [id=35884]
  0x0000017aa4635ab0 WorkerThread "G1 Conc#1" [stack: 0x000000328ef00000,0x000000328f000000] [id=34100]
  0x0000017afd664f30 ConcurrentGCThread "G1 Refine#0" [stack: 0x000000328d500000,0x000000328d600000] [id=32020]
  0x0000017afd665840 ConcurrentGCThread "G1 Service" [stack: 0x000000328d600000,0x000000328d700000] [id=2168]

Threads with active compile tasks:
C2 CompilerThread0    10462 5384       4       sun.security.util.AbstractAlgorithmConstraints::checkAlgorithm (87 bytes)
C2 CompilerThread2    10462 5338       4       sun.security.util.DisabledAlgorithmConstraints::permits (56 bytes)

VM state: not at safepoint (normal execution)

VM Mutex/Monitor currently owned by a thread: None

Heap address: 0x0000000703600000, size: 4042 MB, Compressed Oops mode: Zero based, Oop shift amount: 3

CDS archive(s) mapped at: [0x0000000800000000-0x0000000800ba0000-0x0000000800ba0000), size 12189696, SharedBaseAddress: 0x0000000800000000, ArchiveRelocationMode: 0.
Compressed class space mapped at: 0x0000000800c00000-0x0000000840c00000, reserved size: 1073741824
Narrow klass base: 0x0000000800000000, Narrow klass shift: 0, Narrow klass range: 0x100000000

GC Precious Log:
 CardTable entry size: 512
 Card Set container configuration: InlinePtr #cards 4 size 8 Array Of Cards #cards 16 size 48 Howl #buckets 8 coarsen threshold 3686 Howl Bitmap #cards 512 size 80 coarsen threshold 460 Card regions per heap region 1 cards per card region 4096
 CPUs: 8 total, 8 available
 Memory: 16163M
 Large Page Support: Disabled
 NUMA Support: Disabled
 Compressed Oops: Enabled (Zero based)
 Heap Region Size: 2M
 Heap Min Capacity: 8M
 Heap Initial Capacity: 254M
 Heap Max Capacity: 4042M
 Pre-touch: Disabled
 Parallel Workers: 8
 Concurrent Workers: 2
 Concurrent Refinement Workers: 8
 Periodic GC: Disabled

Heap:
 garbage-first heap   total 81920K, used 59239K [0x0000000703600000, 0x0000000800000000)
  region size 2048K, 21 young (43008K), 3 survivors (6144K)
 Metaspace       used 50743K, committed 51392K, reserved 1114112K
  class space    used 6397K, committed 6720K, reserved 1048576K

Heap Regions: E=young(eden), S=young(survivor), O=old, HS=humongous(starts), HC=humongous(continues), CS=collection set, F=free, OA=open archive, CA=closed archive, TAMS=top-at-mark-start (previous, next)
|   0|0x0000000703600000, 0x0000000703800000, 0x0000000703800000|100%| O|  |TAMS 0x0000000703800000, 0x0000000703600000| Untracked 
|   1|0x0000000703800000, 0x0000000703a00000, 0x0000000703a00000|100%| O|  |TAMS 0x0000000703a00000, 0x0000000703800000| Untracked 
|   2|0x0000000703a00000, 0x0000000703c00000, 0x0000000703c00000|100%| O|  |TAMS 0x0000000703c00000, 0x0000000703a00000| Untracked 
|   3|0x0000000703c00000, 0x0000000703e00000, 0x0000000703e00000|100%| O|  |TAMS 0x0000000703e00000, 0x0000000703c00000| Untracked 
|   4|0x0000000703e00000, 0x0000000704000000, 0x0000000704000000|100%| O|  |TAMS 0x0000000704000000, 0x0000000703e00000| Untracked 
|   5|0x0000000704000000, 0x0000000704200000, 0x0000000704200000|100%| O|  |TAMS 0x0000000704200000, 0x0000000704000000| Untracked 
|   6|0x0000000704200000, 0x0000000704400000, 0x0000000704400000|100%| O|  |TAMS 0x0000000704400000, 0x0000000704200000| Untracked 
|   7|0x0000000704400000, 0x0000000704600000, 0x0000000704600000|100%| O|  |TAMS 0x0000000704600000, 0x0000000704400000| Untracked 
|   8|0x0000000704600000, 0x0000000704800000, 0x0000000704800000|100%| O|  |TAMS 0x0000000704800000, 0x0000000704600000| Untracked 
|   9|0x0000000704800000, 0x00000007048bf400, 0x0000000704a00000| 37%| O|  |TAMS 0x00000007048bf400, 0x0000000704800000| Untracked 
|  10|0x0000000704a00000, 0x0000000704a00000, 0x0000000704c00000|  0%| F|  |TAMS 0x0000000704a00000, 0x0000000704a00000| Untracked 
|  11|0x0000000704c00000, 0x0000000704c00000, 0x0000000704e00000|  0%| F|  |TAMS 0x0000000704c00000, 0x0000000704c00000| Untracked 
|  12|0x0000000704e00000, 0x0000000704e00000, 0x0000000705000000|  0%| F|  |TAMS 0x0000000704e00000, 0x0000000704e00000| Untracked 
|  13|0x0000000705000000, 0x000000070511a8f8, 0x0000000705200000| 55%| S|CS|TAMS 0x0000000705000000, 0x0000000705000000| Complete 
|  14|0x0000000705200000, 0x0000000705400000, 0x0000000705400000|100%| S|CS|TAMS 0x0000000705200000, 0x0000000705200000| Complete 
|  15|0x0000000705400000, 0x0000000705600000, 0x0000000705600000|100%| S|CS|TAMS 0x0000000705400000, 0x0000000705400000| Complete 
|  16|0x0000000705600000, 0x0000000705600000, 0x0000000705800000|  0%| F|  |TAMS 0x0000000705600000, 0x0000000705600000| Untracked 
|  17|0x0000000705800000, 0x0000000705800000, 0x0000000705a00000|  0%| F|  |TAMS 0x0000000705800000, 0x0000000705800000| Untracked 
|  18|0x0000000705a00000, 0x0000000705a00000, 0x0000000705c00000|  0%| F|  |TAMS 0x0000000705a00000, 0x0000000705a00000| Untracked 
|  19|0x0000000705c00000, 0x0000000705c00000, 0x0000000705e00000|  0%| F|  |TAMS 0x0000000705c00000, 0x0000000705c00000| Untracked 
|  20|0x0000000705e00000, 0x0000000705e00000, 0x0000000706000000|  0%| F|  |TAMS 0x0000000705e00000, 0x0000000705e00000| Untracked 
|  21|0x0000000706000000, 0x0000000706000000, 0x0000000706200000|  0%| F|  |TAMS 0x0000000706000000, 0x0000000706000000| Untracked 
|  22|0x0000000706200000, 0x0000000706400000, 0x0000000706400000|100%| E|  |TAMS 0x0000000706200000, 0x0000000706200000| Complete 
|  23|0x0000000706400000, 0x0000000706600000, 0x0000000706600000|100%| E|CS|TAMS 0x0000000706400000, 0x0000000706400000| Complete 
|  24|0x0000000706600000, 0x0000000706800000, 0x0000000706800000|100%| E|CS|TAMS 0x0000000706600000, 0x0000000706600000| Complete 
|  25|0x0000000706800000, 0x0000000706a00000, 0x0000000706a00000|100%| E|CS|TAMS 0x0000000706800000, 0x0000000706800000| Complete 
|  26|0x0000000706a00000, 0x0000000706c00000, 0x0000000706c00000|100%| E|CS|TAMS 0x0000000706a00000, 0x0000000706a00000| Complete 
|  27|0x0000000706c00000, 0x0000000706e00000, 0x0000000706e00000|100%| E|CS|TAMS 0x0000000706c00000, 0x0000000706c00000| Complete 
|  28|0x0000000706e00000, 0x0000000707000000, 0x0000000707000000|100%| E|CS|TAMS 0x0000000706e00000, 0x0000000706e00000| Complete 
|  29|0x0000000707000000, 0x0000000707200000, 0x0000000707200000|100%| E|CS|TAMS 0x0000000707000000, 0x0000000707000000| Complete 
|  30|0x0000000707200000, 0x0000000707400000, 0x0000000707400000|100%| E|CS|TAMS 0x0000000707200000, 0x0000000707200000| Complete 
|  31|0x0000000707400000, 0x0000000707600000, 0x0000000707600000|100%| E|CS|TAMS 0x0000000707400000, 0x0000000707400000| Complete 
|  32|0x0000000707600000, 0x0000000707800000, 0x0000000707800000|100%| E|CS|TAMS 0x0000000707600000, 0x0000000707600000| Complete 
|  33|0x0000000707800000, 0x0000000707a00000, 0x0000000707a00000|100%| E|CS|TAMS 0x0000000707800000, 0x0000000707800000| Complete 
|  34|0x0000000707a00000, 0x0000000707c00000, 0x0000000707c00000|100%| E|CS|TAMS 0x0000000707a00000, 0x0000000707a00000| Complete 
|  35|0x0000000707c00000, 0x0000000707e00000, 0x0000000707e00000|100%| E|CS|TAMS 0x0000000707c00000, 0x0000000707c00000| Complete 
|  36|0x0000000707e00000, 0x0000000708000000, 0x0000000708000000|100%| E|CS|TAMS 0x0000000707e00000, 0x0000000707e00000| Complete 
|  37|0x0000000708000000, 0x0000000708200000, 0x0000000708200000|100%| E|CS|TAMS 0x0000000708000000, 0x0000000708000000| Complete 
|  93|0x000000070f000000, 0x000000070f200000, 0x000000070f200000|100%| E|CS|TAMS 0x000000070f000000, 0x000000070f000000| Complete 
| 126|0x0000000713200000, 0x0000000713400000, 0x0000000713400000|100%| E|CS|TAMS 0x0000000713200000, 0x0000000713200000| Complete 

Card table byte_map: [0x0000017afc620000,0x0000017afce10000] _byte_map_base: 0x0000017af8e05000

Marking Bits (Prev, Next): (CMBitMap*) 0x0000017afd601ac0, (CMBitMap*) 0x0000017afd601b00
 Prev Bits: [0x0000017a96870000, 0x0000017a9a798000)
 Next Bits: [0x0000017a9a7a0000, 0x0000017a9e6c8000)

Polling page: 0x0000017afb200000

Metaspace:

Usage:
  Non-class:     43.31 MB used.
      Class:      6.25 MB used.
       Both:     49.55 MB used.

Virtual space:
  Non-class space:       64.00 MB reserved,      43.62 MB ( 68%) committed,  1 nodes.
      Class space:        1.00 GB reserved,       6.56 MB ( <1%) committed,  1 nodes.
             Both:        1.06 GB reserved,      50.19 MB (  5%) committed. 

Chunk freelists:
   Non-Class:  3.67 MB
       Class:  1.48 MB
        Both:  5.16 MB

MaxMetaspaceSize: unlimited
CompressedClassSpaceSize: 1.00 GB
Initial GC threshold: 21.00 MB
Current GC threshold: 58.69 MB
CDS: on
MetaspaceReclaimPolicy: balanced
 - commit_granule_bytes: 65536.
 - commit_granule_words: 8192.
 - virtual_space_node_default_size: 8388608.
 - enlarge_chunks_in_place: 1.
 - new_chunks_are_fully_committed: 0.
 - uncommit_free_chunks: 1.
 - use_allocation_guard: 0.


Internal statistics:

num_allocs_failed_limit: 6.
num_arena_births: 742.
num_arena_deaths: 0.
num_vsnodes_births: 2.
num_vsnodes_deaths: 0.
num_space_committed: 803.
num_space_uncommitted: 0.
num_chunks_returned_to_freelist: 6.
num_chunks_taken_from_freelist: 2378.
num_chunk_merges: 6.
num_chunk_splits: 1735.
num_chunks_enlarged: 1396.
num_inconsistent_stats: 0.

CodeHeap 'non-profiled nmethods': size=120000Kb used=3119Kb max_used=3119Kb free=116880Kb
 bounds [0x0000017a8f340000, 0x0000017a8f650000, 0x0000017a96870000]
CodeHeap 'profiled nmethods': size=120000Kb used=10215Kb max_used=10215Kb free=109784Kb
 bounds [0x0000017a87e10000, 0x0000017a88810000, 0x0000017a8f340000]
CodeHeap 'non-nmethods': size=5760Kb used=1367Kb max_used=1456Kb free=4392Kb
 bounds [0x0000017a87870000, 0x0000017a87ae0000, 0x0000017a87e10000]
 total_blobs=5309 nmethods=4705 adapters=515
 compilation: enabled
              stopped_count=0, restarted_count=0
 full_count=0

Compilation events (20 events):
Event: 9.407 Thread 0x0000017afd7da790 5393       3       java.nio.HeapByteBuffer::put (64 bytes)
Event: 9.408 Thread 0x0000017afd7da790 nmethod 5393 0x0000017a883da810 code [0x0000017a883daa40, 0x0000017a883db108]
Event: 9.408 Thread 0x0000017afd7da790 5394       3       com.sun.crypto.provider.HmacCore::engineReset (20 bytes)
Event: 9.408 Thread 0x0000017afd7da790 nmethod 5394 0x0000017a883da110 code [0x0000017a883da2c0, 0x0000017a883da6c8]
Event: 9.408 Thread 0x0000017afd7da790 5391   !   3       java.lang.String::replace (258 bytes)
Event: 9.412 Thread 0x0000017afd7da790 nmethod 5391 0x0000017a883d6710 code [0x0000017a883d6be0, 0x0000017a883d90a8]
Event: 9.412 Thread 0x0000017afd7da790 5395       3       sun.nio.ch.NioSocketImpl::timedRead (85 bytes)
Event: 9.413 Thread 0x0000017afd7da790 nmethod 5395 0x0000017a883d5d90 code [0x0000017a883d5fa0, 0x0000017a883d64d8]
Event: 9.413 Thread 0x0000017afd7da790 5397   !   3       com.mysql.cj.protocol.a.NativeProtocol::readMessage (85 bytes)
Event: 9.414 Thread 0x0000017afd7da790 nmethod 5397 0x0000017a883d4990 code [0x0000017a883d4be0, 0x0000017a883d5768]
Event: 9.414 Thread 0x0000017afd7da790 5398       3       com.mysql.cj.protocol.a.NativeProtocol::getServerSession (5 bytes)
Event: 9.414 Thread 0x0000017afd7da790 nmethod 5398 0x0000017a87e8a690 code [0x0000017a87e8a820, 0x0000017a87e8a958]
Event: 9.416 Thread 0x0000017afd7da790 5399       3       com.sun.crypto.provider.CounterMode::crypt (32 bytes)
Event: 9.416 Thread 0x0000017afd7da790 nmethod 5399 0x0000017a883d3f90 code [0x0000017a883d41a0, 0x0000017a883d46e8]
Event: 9.418 Thread 0x0000017afd7da790 5400       2       java.lang.ClassLoader::loadClass (7 bytes)
Event: 9.418 Thread 0x0000017afd7da790 nmethod 5400 0x0000017a883d3c10 code [0x0000017a883d3da0, 0x0000017a883d3ee8]
Event: 9.449 Thread 0x0000017afd7da790 5401       3       net.bytebuddy.matcher.ElementMatcher$Junction$AbstractBase::<init> (5 bytes)
Event: 9.449 Thread 0x0000017afd7da790 nmethod 5401 0x0000017a883d3890 code [0x0000017a883d3a20, 0x0000017a883d3b78]
Event: 9.657 Thread 0x0000017afd7da790 5402       3       net.bytebuddy.matcher.ElementMatcher$Junction$ForNonNullValues::<init> (5 bytes)
Event: 9.658 Thread 0x0000017afd7da790 nmethod 5402 0x0000017a883d3190 code [0x0000017a883d3340, 0x0000017a883d34f8]

GC Heap History (20 events):
Event: 1.058 GC heap before
{Heap before GC invocations=0 (full 0):
 garbage-first heap   total 260096K, used 20480K [0x0000000703600000, 0x0000000800000000)
  region size 2048K, 11 young (22528K), 0 survivors (0K)
 Metaspace       used 4198K, committed 4416K, reserved 1114112K
  class space    used 451K, committed 576K, reserved 1048576K
}
Event: 1.064 GC heap after
{Heap after GC invocations=1 (full 0):
 garbage-first heap   total 260096K, used 7193K [0x0000000703600000, 0x0000000800000000)
  region size 2048K, 2 young (4096K), 2 survivors (4096K)
 Metaspace       used 4198K, committed 4416K, reserved 1114112K
  class space    used 451K, committed 576K, reserved 1048576K
}
Event: 1.739 GC heap before
{Heap before GC invocations=1 (full 0):
 garbage-first heap   total 260096K, used 33817K [0x0000000703600000, 0x0000000800000000)
  region size 2048K, 15 young (30720K), 2 survivors (4096K)
 Metaspace       used 9975K, committed 10240K, reserved 1114112K
  class space    used 1214K, committed 1344K, reserved 1048576K
}
Event: 1.744 GC heap after
{Heap after GC invocations=2 (full 0):
 garbage-first heap   total 260096K, used 8708K [0x0000000703600000, 0x0000000800000000)
  region size 2048K, 1 young (2048K), 1 survivors (2048K)
 Metaspace       used 9975K, committed 10240K, reserved 1114112K
  class space    used 1214K, committed 1344K, reserved 1048576K
}
Event: 3.479 GC heap before
{Heap before GC invocations=2 (full 0):
 garbage-first heap   total 260096K, used 70148K [0x0000000703600000, 0x0000000800000000)
  region size 2048K, 33 young (67584K), 1 survivors (2048K)
 Metaspace       used 21199K, committed 21504K, reserved 1114112K
  class space    used 2587K, committed 2752K, reserved 1048576K
}
Event: 3.487 GC heap after
{Heap after GC invocations=3 (full 0):
 garbage-first heap   total 260096K, used 14393K [0x0000000703600000, 0x0000000800000000)
  region size 2048K, 4 young (8192K), 4 survivors (8192K)
 Metaspace       used 21199K, committed 21504K, reserved 1114112K
  class space    used 2587K, committed 2752K, reserved 1048576K
}
Event: 4.341 GC heap before
{Heap before GC invocations=4 (full 0):
 garbage-first heap   total 61440K, used 43065K [0x0000000703600000, 0x0000000800000000)
  region size 2048K, 18 young (36864K), 4 survivors (8192K)
 Metaspace       used 23387K, committed 23680K, reserved 1114112K
  class space    used 2848K, committed 3008K, reserved 1048576K
}
Event: 4.351 GC heap after
{Heap after GC invocations=5 (full 0):
 garbage-first heap   total 61440K, used 16243K [0x0000000703600000, 0x0000000800000000)
  region size 2048K, 2 young (4096K), 2 survivors (4096K)
 Metaspace       used 23387K, committed 23680K, reserved 1114112K
  class space    used 2848K, committed 3008K, reserved 1048576K
}
Event: 4.411 GC heap before
{Heap before GC invocations=5 (full 0):
 garbage-first heap   total 61440K, used 18291K [0x0000000703600000, 0x0000000800000000)
  region size 2048K, 3 young (6144K), 2 survivors (4096K)
 Metaspace       used 23595K, committed 23872K, reserved 1114112K
  class space    used 2881K, committed 3008K, reserved 1048576K
}
Event: 4.417 GC heap after
{Heap after GC invocations=6 (full 0):
 garbage-first heap   total 61440K, used 16128K [0x0000000703600000, 0x0000000800000000)
  region size 2048K, 1 young (2048K), 1 survivors (2048K)
 Metaspace       used 23595K, committed 23872K, reserved 1114112K
  class space    used 2881K, committed 3008K, reserved 1048576K
}
Event: 5.328 GC heap before
{Heap before GC invocations=6 (full 0):
 garbage-first heap   total 61440K, used 40704K [0x0000000703600000, 0x0000000800000000)
  region size 2048K, 13 young (26624K), 1 survivors (2048K)
 Metaspace       used 26850K, committed 27200K, reserved 1114112K
  class space    used 3340K, committed 3456K, reserved 1048576K
}
Event: 5.335 GC heap after
{Heap after GC invocations=7 (full 0):
 garbage-first heap   total 61440K, used 17500K [0x0000000703600000, 0x0000000800000000)
  region size 2048K, 1 young (2048K), 1 survivors (2048K)
 Metaspace       used 26850K, committed 27200K, reserved 1114112K
  class space    used 3340K, committed 3456K, reserved 1048576K
}
Event: 6.132 GC heap before
{Heap before GC invocations=7 (full 0):
 garbage-first heap   total 61440K, used 40028K [0x0000000703600000, 0x0000000800000000)
  region size 2048K, 13 young (26624K), 1 survivors (2048K)
 Metaspace       used 31519K, committed 31936K, reserved 1114112K
  class space    used 3919K, committed 4096K, reserved 1048576K
}
Event: 6.142 GC heap after
{Heap after GC invocations=8 (full 0):
 garbage-first heap   total 61440K, used 19375K [0x0000000703600000, 0x0000000800000000)
  region size 2048K, 2 young (4096K), 2 survivors (4096K)
 Metaspace       used 31519K, committed 31936K, reserved 1114112K
  class space    used 3919K, committed 4096K, reserved 1048576K
}
Event: 6.977 GC heap before
{Heap before GC invocations=8 (full 0):
 garbage-first heap   total 61440K, used 43951K [0x0000000703600000, 0x0000000800000000)
  region size 2048K, 14 young (28672K), 2 survivors (4096K)
 Metaspace       used 35390K, committed 35840K, reserved 1114112K
  class space    used 4393K, committed 4608K, reserved 1048576K
}
Event: 6.991 GC heap after
{Heap after GC invocations=9 (full 0):
 garbage-first heap   total 161792K, used 21128K [0x0000000703600000, 0x0000000800000000)
  region size 2048K, 1 young (2048K), 1 survivors (2048K)
 Metaspace       used 35390K, committed 35840K, reserved 1114112K
  class space    used 4393K, committed 4608K, reserved 1048576K
}
Event: 7.038 GC heap before
{Heap before GC invocations=9 (full 0):
 garbage-first heap   total 161792K, used 21128K [0x0000000703600000, 0x0000000800000000)
  region size 2048K, 2 young (4096K), 1 survivors (2048K)
 Metaspace       used 35491K, committed 35968K, reserved 1114112K
  class space    used 4410K, committed 4672K, reserved 1048576K
}
Event: 7.043 GC heap after
{Heap after GC invocations=10 (full 0):
 garbage-first heap   total 161792K, used 21149K [0x0000000703600000, 0x0000000800000000)
  region size 2048K, 1 young (2048K), 1 survivors (2048K)
 Metaspace       used 35491K, committed 35968K, reserved 1114112K
  class space    used 4410K, committed 4672K, reserved 1048576K
}
Event: 8.587 GC heap before
{Heap before GC invocations=11 (full 0):
 garbage-first heap   total 81920K, used 68253K [0x0000000703600000, 0x0000000800000000)
  region size 2048K, 24 young (49152K), 1 survivors (2048K)
 Metaspace       used 45245K, committed 45760K, reserved 1114112K
  class space    used 5559K, committed 5824K, reserved 1048576K
}
Event: 8.595 GC heap after
{Heap after GC invocations=12 (full 0):
 garbage-first heap   total 81920K, used 24423K [0x0000000703600000, 0x0000000800000000)
  region size 2048K, 3 young (6144K), 3 survivors (6144K)
 Metaspace       used 45245K, committed 45760K, reserved 1114112K
  class space    used 5559K, committed 5824K, reserved 1048576K
}

Deoptimization events (20 events):
Event: 9.666 Thread 0x0000017afba8d950 DEOPT PACKING pc=0x0000017a8f4794c4 sp=0x000000328d1fd580
Event: 9.666 Thread 0x0000017afba8d950 DEOPT UNPACKING pc=0x0000017a878c2b43 sp=0x000000328d1fc990 mode 1
Event: 9.666 Thread 0x0000017afba8d950 DEOPT PACKING pc=0x0000017a87f309c1 sp=0x000000328d1fcb20
Event: 9.666 Thread 0x0000017afba8d950 DEOPT UNPACKING pc=0x0000017a878c2b43 sp=0x000000328d1fbf78 mode 1
Event: 9.666 Thread 0x0000017afba8d950 DEOPT PACKING pc=0x0000017a883d3e1c sp=0x000000328d1fcbb0
Event: 9.666 Thread 0x0000017afba8d950 DEOPT UNPACKING pc=0x0000017a878c2b43 sp=0x000000328d1fc068 mode 1
Event: 9.666 Thread 0x0000017afba8d950 DEOPT PACKING pc=0x0000017a8f4794c4 sp=0x000000328d1fd580
Event: 9.666 Thread 0x0000017afba8d950 DEOPT UNPACKING pc=0x0000017a878c2b43 sp=0x000000328d1fc990 mode 1
Event: 9.685 Thread 0x0000017afba8d950 DEOPT PACKING pc=0x0000017a87f309c1 sp=0x000000328d1fce30
Event: 9.685 Thread 0x0000017afba8d950 DEOPT UNPACKING pc=0x0000017a878c2b43 sp=0x000000328d1fc288 mode 1
Event: 9.685 Thread 0x0000017afba8d950 DEOPT PACKING pc=0x0000017a883d3e1c sp=0x000000328d1fcec0
Event: 9.685 Thread 0x0000017afba8d950 DEOPT UNPACKING pc=0x0000017a878c2b43 sp=0x000000328d1fc378 mode 1
Event: 9.685 Thread 0x0000017afba8d950 DEOPT PACKING pc=0x0000017a8f4794c4 sp=0x000000328d1fd890
Event: 9.685 Thread 0x0000017afba8d950 DEOPT UNPACKING pc=0x0000017a878c2b43 sp=0x000000328d1fcca0 mode 1
Event: 9.686 Thread 0x0000017afba8d950 DEOPT PACKING pc=0x0000017a87f309c1 sp=0x000000328d1fce30
Event: 9.686 Thread 0x0000017afba8d950 DEOPT UNPACKING pc=0x0000017a878c2b43 sp=0x000000328d1fc288 mode 1
Event: 9.686 Thread 0x0000017afba8d950 DEOPT PACKING pc=0x0000017a883d3e1c sp=0x000000328d1fcec0
Event: 9.686 Thread 0x0000017afba8d950 DEOPT UNPACKING pc=0x0000017a878c2b43 sp=0x000000328d1fc378 mode 1
Event: 9.686 Thread 0x0000017afba8d950 DEOPT PACKING pc=0x0000017a8f4794c4 sp=0x000000328d1fd890
Event: 9.686 Thread 0x0000017afba8d950 DEOPT UNPACKING pc=0x0000017a878c2b43 sp=0x000000328d1fcca0 mode 1

Classes loaded (20 events):
Event: 9.680 Loading class org/hibernate/boot/model/relational/ContributableDatabaseObject
Event: 9.680 Loading class org/hibernate/boot/model/relational/ContributableDatabaseObject done
Event: 9.680 Loading class org/hibernate/mapping/Contributable
Event: 9.680 Loading class org/hibernate/mapping/Contributable done
Event: 9.680 Loading class org/hibernate/boot/model/relational/Exportable
Event: 9.680 Loading class org/hibernate/boot/model/relational/Exportable done
Event: 9.681 Loading class org/hibernate/mapping/DenormalizedTable
Event: 9.681 Loading class org/hibernate/mapping/DenormalizedTable done
Event: 9.682 Loading class org/hibernate/boot/model/naming/ImplicitForeignKeyNameSource
Event: 9.682 Loading class org/hibernate/boot/model/naming/ImplicitForeignKeyNameSource done
Event: 9.682 Loading class org/hibernate/boot/model/naming/ImplicitConstraintNameSource
Event: 9.682 Loading class org/hibernate/boot/model/naming/ImplicitConstraintNameSource done
Event: 9.683 Loading class org/hibernate/boot/model/naming/ImplicitNameSource
Event: 9.683 Loading class org/hibernate/boot/model/naming/ImplicitNameSource done
Event: 9.685 Loading class org/hibernate/internal/CoreMessageLogger_$logger_en_IN
Event: 9.685 Loading class org/hibernate/internal/CoreMessageLogger_$logger_en_IN done
Event: 9.685 Loading class org/hibernate/internal/CoreMessageLogger_$logger_en
Event: 9.685 Loading class org/hibernate/internal/CoreMessageLogger_$logger_en done
Event: 9.686 Loading class org/hibernate/boot/model/convert/internal/AttributeConverterManager
Event: 9.686 Loading class org/hibernate/boot/model/convert/internal/AttributeConverterManager done

Classes unloaded (0 events):
No events

Classes redefined (0 events):
No events

Internal exceptions (20 events):
Event: 6.354 Thread 0x0000017afba8d950 Exception <a 'java/lang/NoSuchMethodError'{0x000000070ec1b4f8}: 'java.lang.Object java.lang.invoke.Invokers$Holder.linkToTargetMethod(java.lang.Object, java.lang.Object, int, java.lang.Object)'> (0x000000070ec1b4f8) 
thrown [s\open\src\hotspot\share\interpreter\linkResolver.cpp, line 759]
Event: 6.578 Thread 0x0000017afba8d950 Exception <a 'java/lang/NoSuchMethodError'{0x000000070657ea78}: 'java.lang.Object java.lang.invoke.DirectMethodHandle$Holder.invokeStaticInit(java.lang.Object, int, int, int, int)'> (0x000000070657ea78) 
thrown [s\open\src\hotspot\share\interpreter\linkResolver.cpp, line 759]
Event: 6.672 Thread 0x0000017afba8d950 Exception <a 'java/lang/NoSuchMethodError'{0x00000007062928c8}: 'java.lang.Object java.lang.invoke.DirectMethodHandle$Holder.invokeStaticInit(java.lang.Object, java.lang.Object, int, int, int, int)'> (0x00000007062928c8) 
thrown [s\open\src\hotspot\share\interpreter\linkResolver.cpp, line 759]
Event: 6.808 Thread 0x0000017afba8d950 Exception <a 'java/lang/NoSuchMethodError'{0x0000000705eef148}: 'int java.lang.invoke.DirectMethodHandle$Holder.invokeVirtual(java.lang.Object, java.lang.Object, java.lang.Object, java.lang.Object)'> (0x0000000705eef148) 
thrown [s\open\src\hotspot\share\interpreter\linkResolver.cpp, line 759]
Event: 6.808 Thread 0x0000017afba8d950 Exception <a 'java/lang/NoSuchMethodError'{0x0000000705ef2c60}: 'int java.lang.invoke.DelegatingMethodHandle$Holder.reinvoke_L(java.lang.Object, java.lang.Object, java.lang.Object, java.lang.Object)'> (0x0000000705ef2c60) 
thrown [s\open\src\hotspot\share\interpreter\linkResolver.cpp, line 759]
Event: 6.847 Thread 0x0000017afba8d950 Exception <a 'java/lang/NoSuchMethodError'{0x0000000705c2f150}: 'java.lang.Object java.lang.invoke.DirectMethodHandle$Holder.invokeSpecial(java.lang.Object, java.lang.Object, long, java.lang.Object, java.lang.Object, java.lang.Object, java.lang.Object, java.lang.Object, java.lang.Object)'> (0x0000000705c2f150) 
thrown [s\open\src\hotspot\share\interpreter\linkResolver.cpp, line 759]
Event: 6.848 Thread 0x0000017afba8d950 Exception <a 'java/lang/NoSuchMethodError'{0x0000000705c33c80}: 'java.lang.Object java.lang.invoke.DelegatingMethodHandle$Holder.reinvoke_L(java.lang.Object, long, java.lang.Object, java.lang.Object, java.lang.Object, java.lang.Object, java.lang.Object, java.lang.Object)'> (0x0000000705c33c80) 
thrown [s\open\src\hotspot\share\interpreter\linkResolver.cpp, line 759]
Event: 6.917 Thread 0x0000017afba8d950 Exception <a 'java/io/FileNotFoundException'{0x0000000705de49d0}> (0x0000000705de49d0) 
thrown [s\open\src\hotspot\share\prims\jni.cpp, line 516]
Event: 6.994 Thread 0x0000017afba8d950 Exception <a 'java/lang/NoSuchMethodError'{0x00000007132073f8}: 'int java.lang.invoke.DirectMethodHandle$Holder.invokeInterface(java.lang.Object, java.lang.Object, java.lang.Object, java.lang.Object)'> (0x00000007132073f8) 
thrown [s\open\src\hotspot\share\interpreter\linkResolver.cpp, line 759]
Event: 7.119 Thread 0x0000017afba8d950 Exception <a 'java/lang/NoSuchMethodError'{0x000000070801eb58}: 'java.lang.Object java.lang.invoke.DirectMethodHandle$Holder.invokeStaticInit(java.lang.Object, java.lang.Object, java.lang.Object, java.lang.Object)'> (0x000000070801eb58) 
thrown [s\open\src\hotspot\share\interpreter\linkResolver.cpp, line 759]
Event: 7.122 Thread 0x0000017afba8d950 Exception <a 'java/lang/IncompatibleClassChangeError'{0x0000000708032188}: Found class java.lang.Object, but interface was expected> (0x0000000708032188) 
thrown [s\open\src\hotspot\share\interpreter\linkResolver.cpp, line 826]
Event: 7.124 Thread 0x0000017afba8d950 Exception <a 'java/lang/IncompatibleClassChangeError'{0x0000000708040968}: Found class java.lang.Object, but interface was expected> (0x0000000708040968) 
thrown [s\open\src\hotspot\share\interpreter\linkResolver.cpp, line 826]
Event: 7.130 Thread 0x0000017afba8d950 Exception <a 'java/lang/IncompatibleClassChangeError'{0x0000000708072b20}: Found class java.lang.Object, but interface was expected> (0x0000000708072b20) 
thrown [s\open\src\hotspot\share\interpreter\linkResolver.cpp, line 826]
Event: 7.415 Thread 0x0000017afba8d950 Exception <a 'java/lang/NoSuchMethodError'{0x00000007079cc3b8}: 'long java.lang.invoke.DirectMethodHandle$Holder.invokeVirtual(java.lang.Object, java.lang.Object)'> (0x00000007079cc3b8) 
thrown [s\open\src\hotspot\share\interpreter\linkResolver.cpp, line 759]
Event: 7.568 Thread 0x0000017afba8d950 Exception <a 'java/lang/NoSuchMethodError'{0x00000007071ae3e8}: 'java.lang.Object java.lang.invoke.DirectMethodHandle$Holder.newInvokeSpecial(java.lang.Object, java.lang.Object, java.lang.Object, java.lang.Object, java.lang.Object, java.lang.Object, java.lang.Object, java.lang.Object, java.lang.Object, java.lang.Object, java.lang.Object)'> (0x00000007071ae3e8) 
thrown [s\open\src\hotspot\share\interpreter\linkResolver.cpp, line 759]
Event: 7.569 Thread 0x0000017afba8d950 Exception <a 'java/lang/NoSuchMethodError'{0x00000007071b3610}: 'java.lang.Object java.lang.invoke.DirectMethodHandle$Holder.invokeSpecial(java.lang.Object, java.lang.Object, java.lang.Object, java.lang.Object, java.lang.Object, java.lang.Object, java.lang.Object, java.lang.Object, java.lang.Object, java.lang.Object, java.lang.Object, java.lang.Object)'> (0x00000007071b3610) 
thrown [s\open\src\hotspot\share\interpreter\linkResolver.cpp, line 759]
Event: 7.636 Thread 0x0000017afba8d950 Exception <a 'sun/nio/fs/WindowsException'{0x0000000706fccaf0}> (0x0000000706fccaf0) 
thrown [s\open\src\hotspot\share\prims\jni.cpp, line 516]
Event: 7.983 Thread 0x0000017afba8d950 Exception <a 'sun/nio/fs/WindowsException'{0x000000070627f0f0}> (0x000000070627f0f0) 
thrown [s\open\src\hotspot\share\prims\jni.cpp, line 516]
Event: 8.503 Thread 0x0000017afba8d950 Implicit null exception at 0x0000017a8f387d60 to 0x0000017a8f387fd0
Event: 8.503 Thread 0x0000017afba8d950 Exception <a 'java/lang/NoSuchMethodError'{0x0000000705822250}: 'void java.lang.invoke.DelegatingMethodHandle$Holder.reinvoke_L(java.lang.Object, java.lang.Object, java.lang.Object, java.lang.Object, int, java.lang.Object, java.lang.Object, java.lang.Object)'> (0x0000000705822250) 
thrown [s\open\src\hotspot\share\interpreter\linkResolver.cpp, line 759]

VM Operations (20 events):
Event: 7.428 Executing VM operation: HandshakeAllThreads
Event: 7.428 Executing VM operation: HandshakeAllThreads done
Event: 7.504 Executing VM operation: HandshakeAllThreads
Event: 7.504 Executing VM operation: HandshakeAllThreads done
Event: 7.579 Executing VM operation: HandshakeAllThreads
Event: 7.580 Executing VM operation: HandshakeAllThreads done
Event: 7.909 Executing VM operation: HandshakeAllThreads
Event: 7.909 Executing VM operation: HandshakeAllThreads done
Event: 7.985 Executing VM operation: HandshakeAllThreads
Event: 7.985 Executing VM operation: HandshakeAllThreads done
Event: 7.993 Executing VM operation: HandshakeAllThreads
Event: 7.993 Executing VM operation: HandshakeAllThreads done
Event: 8.227 Executing VM operation: ICBufferFull
Event: 8.227 Executing VM operation: ICBufferFull done
Event: 8.261 Executing VM operation: HandshakeAllThreads
Event: 8.261 Executing VM operation: HandshakeAllThreads done
Event: 8.587 Executing VM operation: G1CollectForAllocation
Event: 8.595 Executing VM operation: G1CollectForAllocation done
Event: 9.597 Executing VM operation: Cleanup
Event: 9.597 Executing VM operation: Cleanup done

Events (20 events):
Event: 7.047 Thread 0x0000017afd7ed940 flushing nmethod 0x0000017a88666190
Event: 7.047 Thread 0x0000017afd7ed940 flushing nmethod 0x0000017a88666610
Event: 7.047 Thread 0x0000017afd7ed940 flushing nmethod 0x0000017a88668410
Event: 7.047 Thread 0x0000017afd7ed940 flushing nmethod 0x0000017a8867c790
Event: 7.047 Thread 0x0000017afd7ed940 flushing nmethod 0x0000017a88681610
Event: 7.047 Thread 0x0000017afd7ed940 flushing nmethod 0x0000017a8868e810
Event: 7.047 Thread 0x0000017afd7ed940 flushing nmethod 0x0000017a8869e110
Event: 7.047 Thread 0x0000017afd7ed940 flushing nmethod 0x0000017a8869f210
Event: 7.047 Thread 0x0000017afd7ed940 flushing nmethod 0x0000017a886a0a90
Event: 7.047 Thread 0x0000017afd7ed940 flushing nmethod 0x0000017a886a1d10
Event: 7.049 Thread 0x0000017afd7ed940 flushing nmethod 0x0000017a8879e410
Event: 7.049 Thread 0x0000017afd7ed940 flushing nmethod 0x0000017a8879ec10
Event: 7.049 Thread 0x0000017afd7ed940 flushing nmethod 0x0000017a8879f010
Event: 7.444 Thread 0x0000017aa3f477a0 Thread added: 0x0000017aa3f477a0
Event: 7.455 Thread 0x0000017aa3f442b0 Thread added: 0x0000017aa3f442b0
Event: 7.462 Thread 0x0000017aa3f455f0 Thread added: 0x0000017aa3f455f0
Event: 7.504 Thread 0x0000017aa3f45ac0 Thread added: 0x0000017aa3f45ac0
Event: 8.393 Thread 0x0000017aa4035f50 Thread added: 0x0000017aa4035f50
Event: 8.514 Thread 0x0000017aa40368f0 Thread added: 0x0000017aa40368f0
Event: 9.219 Loaded shared library D:\Users\hkeshavarao\.jdks\openjdk-18.0.2.1\bin\verify.dll


Dynamic libraries:
0x00007ff64e1c0000 - 0x00007ff64e1ce000 	D:\Users\hkeshavarao\.jdks\openjdk-18.0.2.1\bin\java.exe
0x00007ffdb0110000 - 0x00007ffdb0308000 	C:\Windows\SYSTEM32\ntdll.dll
0x00007ffdafa10000 - 0x00007ffdafacd000 	C:\Windows\System32\KERNEL32.DLL
0x00007ffdadaf0000 - 0x00007ffdadde6000 	C:\Windows\System32\KERNELBASE.dll
0x00007ffdad9f0000 - 0x00007ffdadaf0000 	C:\Windows\System32\ucrtbase.dll
0x00007ffd8f950000 - 0x00007ffd8f967000 	D:\Users\hkeshavarao\.jdks\openjdk-18.0.2.1\bin\jli.dll
0x00007ffd8f930000 - 0x00007ffd8f94a000 	D:\Users\hkeshavarao\.jdks\openjdk-18.0.2.1\bin\VCRUNTIME140.dll
0x00007ffdaf510000 - 0x00007ffdaf6ae000 	C:\Windows\System32\USER32.dll
0x00007ffdade90000 - 0x00007ffdadeb2000 	C:\Windows\System32\win32u.dll
0x00007ffdae2d0000 - 0x00007ffdae2fc000 	C:\Windows\System32\GDI32.dll
0x00007ffdad8d0000 - 0x00007ffdad9ea000 	C:\Windows\System32\gdi32full.dll
0x00007ffdabca0000 - 0x00007ffdabf3a000 	C:\Windows\WinSxS\amd64_microsoft.windows.common-controls_6595b64144ccf1df_6.0.19041.3636_none_60b6a03d71f818d5\COMCTL32.dll
0x00007ffdae0d0000 - 0x00007ffdae16d000 	C:\Windows\System32\msvcp_win.dll
0x00007ffdae230000 - 0x00007ffdae2ce000 	C:\Windows\System32\msvcrt.dll
0x00007ffdae780000 - 0x00007ffdae7b0000 	C:\Windows\System32\IMM32.DLL
0x00007ffd95710000 - 0x00007ffd95912000 	C:\Windows\system32\tmumh\20019\AddOn\8.55.0.1288\TmUmEvt64.dll
0x00007ffdae170000 - 0x00007ffdae178000 	C:\Windows\System32\PSAPI.DLL
0x00007ffdae180000 - 0x00007ffdae22f000 	C:\Windows\System32\ADVAPI32.dll
0x00007ffdae830000 - 0x00007ffdae8cc000 	C:\Windows\System32\sechost.dll
0x00007ffdaff40000 - 0x00007ffdb0066000 	C:\Windows\System32\RPCRT4.dll
0x000000005d030000 - 0x000000005d1c7000 	C:\Windows\system32\tmumh\20019\TmMon\2.9.0.1084\tmmon64.dll
0x00007ffd798d0000 - 0x00007ffd79c0d000 	C:\Windows\System32\TmLWE\TmUmSnsr64\1.0.0.1127\TmUmSnsr64.dll
0x00007ffdab940000 - 0x00007ffdab952000 	C:\Windows\SYSTEM32\kernel.appcore.dll
0x00007ffda13d0000 - 0x00007ffda13dc000 	D:\Users\hkeshavarao\.jdks\openjdk-18.0.2.1\bin\vcruntime140_1.dll
0x00007ffd7a7c0000 - 0x00007ffd7a84d000 	D:\Users\hkeshavarao\.jdks\openjdk-18.0.2.1\bin\msvcp140.dll
0x00007ffcf0840000 - 0x00007ffcf1451000 	D:\Users\hkeshavarao\.jdks\openjdk-18.0.2.1\bin\server\jvm.dll
0x00007ffd8d8b0000 - 0x00007ffd8d8b9000 	C:\Windows\SYSTEM32\WSOCK32.dll
0x00007ffdae3b0000 - 0x00007ffdae41b000 	C:\Windows\System32\WS2_32.dll
0x00007ffd93fd0000 - 0x00007ffd93ff7000 	C:\Windows\SYSTEM32\WINMM.dll
0x00007ffda2bb0000 - 0x00007ffda2bba000 	C:\Windows\SYSTEM32\VERSION.dll
0x00007ffd9f350000 - 0x00007ffd9f35a000 	D:\Users\hkeshavarao\.jdks\openjdk-18.0.2.1\bin\jimage.dll
0x00007ffdab2e0000 - 0x00007ffdab4c4000 	C:\Windows\SYSTEM32\DBGHELP.DLL
0x00007ffd91fa0000 - 0x00007ffd91fd4000 	C:\Windows\SYSTEM32\dbgcore.DLL
0x0000017afb170000 - 0x0000017afb1f2000 	C:\Windows\System32\bcryptPrimitives.dll
0x00007ffd7a220000 - 0x00007ffd7a25b000 	D:\Users\hkeshavarao\.jdks\openjdk-18.0.2.1\bin\jdwp.dll
0x00007ffdaa250000 - 0x00007ffdaa25e000 	D:\Users\hkeshavarao\.jdks\openjdk-18.0.2.1\bin\instrument.dll
0x00007ffd82900000 - 0x00007ffd82925000 	D:\Users\hkeshavarao\.jdks\openjdk-18.0.2.1\bin\java.dll
0x00007ffd85ce0000 - 0x00007ffd85cf8000 	D:\Users\hkeshavarao\.jdks\openjdk-18.0.2.1\bin\zip.dll
0x00007ffd71d20000 - 0x00007ffd71df6000 	D:\Users\hkeshavarao\.jdks\openjdk-18.0.2.1\bin\jsvml.dll
0x00007ffdaec10000 - 0x00007ffdaf355000 	C:\Windows\System32\SHELL32.dll
0x00007ffdaaa70000 - 0x00007ffdab20b000 	C:\Windows\SYSTEM32\windows.storage.dll
0x00007ffdae420000 - 0x00007ffdae774000 	C:\Windows\System32\combase.dll
0x00007ffdad1c0000 - 0x00007ffdad1ed000 	C:\Windows\SYSTEM32\Wldp.dll
0x00007ffdaf7f0000 - 0x00007ffdaf89d000 	C:\Windows\System32\SHCORE.dll
0x00007ffdaf8c0000 - 0x00007ffdaf915000 	C:\Windows\System32\shlwapi.dll
0x00007ffdad720000 - 0x00007ffdad745000 	C:\Windows\SYSTEM32\profapi.dll
0x00007ffd8fbd0000 - 0x00007ffd8fbdc000 	D:\Users\hkeshavarao\.jdks\openjdk-18.0.2.1\bin\dt_socket.dll
0x00007ffdacbb0000 - 0x00007ffdacbeb000 	C:\Windows\SYSTEM32\IPHLPAPI.DLL
0x00007ffdacec0000 - 0x00007ffdacf2a000 	C:\Windows\system32\mswsock.dll
0x00007ffd8f910000 - 0x00007ffd8f923000 	D:\Users\hkeshavarao\.jdks\openjdk-18.0.2.1\bin\net.dll
0x00007ffdac770000 - 0x00007ffdac87a000 	C:\Windows\SYSTEM32\WINHTTP.dll
0x00007ffd8c3c0000 - 0x00007ffd8c3d6000 	D:\Users\hkeshavarao\.jdks\openjdk-18.0.2.1\bin\nio.dll
0x00007ffd8fbe0000 - 0x00007ffd8fbee000 	D:\Users\hkeshavarao\.jdks\openjdk-18.0.2.1\bin\sunmscapi.dll
0x00007ffdadec0000 - 0x00007ffdae01d000 	C:\Windows\System32\CRYPT32.dll
0x00007ffdad230000 - 0x00007ffdad257000 	C:\Windows\SYSTEM32\ncrypt.dll
0x00007ffdad1f0000 - 0x00007ffdad22b000 	C:\Windows\SYSTEM32\NTASN1.dll
0x00007ffdad0c0000 - 0x00007ffdad0d8000 	C:\Windows\SYSTEM32\CRYPTSP.dll
0x00007ffdac6e0000 - 0x00007ffdac714000 	C:\Windows\system32\rsaenh.dll
0x00007ffdaddf0000 - 0x00007ffdade17000 	C:\Windows\System32\bcrypt.dll
0x00007ffdad6e0000 - 0x00007ffdad70e000 	C:\Windows\SYSTEM32\USERENV.dll
0x00007ffdad0b0000 - 0x00007ffdad0bc000 	C:\Windows\SYSTEM32\CRYPTBASE.dll
0x00007ffdae930000 - 0x00007ffdae938000 	C:\Windows\System32\NSI.dll
0x00007ffda7e60000 - 0x00007ffda7e77000 	C:\Windows\SYSTEM32\dhcpcsvc6.DLL
0x00007ffda7e00000 - 0x00007ffda7e1d000 	C:\Windows\SYSTEM32\dhcpcsvc.DLL
0x00007ffdacbf0000 - 0x00007ffdaccba000 	C:\Windows\SYSTEM32\DNSAPI.dll
0x00007ffda21c0000 - 0x00007ffda21c9000 	D:\Users\hkeshavarao\.jdks\openjdk-18.0.2.1\bin\management.dll
0x00007ffda2190000 - 0x00007ffda219b000 	D:\Users\hkeshavarao\.jdks\openjdk-18.0.2.1\bin\management_ext.dll
0x00007ffda1d50000 - 0x00007ffda1d5a000 	C:\Windows\System32\rasadhlp.dll
0x00007ffda8180000 - 0x00007ffda8200000 	C:\Windows\System32\fwpuclnt.dll
0x00007ffd8fa10000 - 0x00007ffd8fa20000 	D:\Users\hkeshavarao\.jdks\openjdk-18.0.2.1\bin\verify.dll

dbghelp: loaded successfully - version: 4.0.5 - missing functions: none
symbol engine: initialized successfully - sym options: 0x614 - pdb path: .;D:\Users\hkeshavarao\.jdks\openjdk-18.0.2.1\bin;C:\Windows\SYSTEM32;C:\Windows\WinSxS\amd64_microsoft.windows.common-controls_6595b64144ccf1df_6.0.19041.3636_none_60b6a03d71f818d5;C:\Windows\system32\tmumh\20019\AddOn\8.55.0.1288;C:\Windows\system32\tmumh\20019\TmMon\2.9.0.1084;C:\Windows\System32\TmLWE\TmUmSnsr64\1.0.0.1127;D:\Users\hkeshavarao\.jdks\openjdk-18.0.2.1\bin\server

VM Arguments:
jvm_args: -agentlib:jdwp=transport=dt_socket,address=127.0.0.1:64570,suspend=y,server=n -javaagent:D:\Users\hkeshavarao\AppData\Local\JetBrains\IdeaIC2022.2\captureAgent\debugger-agent.jar -Dfile.encoding=UTF-8 -Dsun.stdout.encoding=UTF-8 -Dsun.stderr.encoding=UTF-8 
java_command: com.example.orderservice.OrderServiceApplication
java_class_path (initial): D:\Springboot2024\BackendProjects\SpringbootAssignment2024\order-service\target\classes;D:\Users\hkeshavarao\.m2\repository\org\springframework\boot\spring-boot-starter-actuator\3.2.2\spring-boot-starter-actuator-3.2.2.jar;D:\Users\hkeshavarao\.m2\repository\org\springframework\boot\spring-boot-starter\3.2.2\spring-boot-starter-3.2.2.jar;D:\Users\hkeshavarao\.m2\repository\org\springframework\boot\spring-boot\3.2.2\spring-boot-3.2.2.jar;D:\Users\hkeshavarao\.m2\repository\org\springframework\boot\spring-boot-autoconfigure\3.2.2\spring-boot-autoconfigure-3.2.2.jar;D:\Users\hkeshavarao\.m2\repository\org\springframework\boot\spring-boot-starter-logging\3.2.2\spring-boot-starter-logging-3.2.2.jar;D:\Users\hkeshavarao\.m2\repository\ch\qos\logback\logback-classic\1.4.14\logback-classic-1.4.14.jar;D:\Users\hkeshavarao\.m2\repository\ch\qos\logback\logback-core\1.4.14\logback-core-1.4.14.jar;D:\Users\hkeshavarao\.m2\repository\org\apache\logging\log4j\log4j-to-slf4j\2.21.1\log4j-to-slf4j-2.21.1.jar;D:\Users\hkeshavarao\.m2\repository\org\apache\logging\log4j\log4j-api\2.21.1\log4j-api-2.21.1.jar;D:\Users\hkeshavarao\.m2\repository\org\slf4j\jul-to-slf4j\2.0.11\jul-to-slf4j-2.0.11.jar;D:\Users\hkeshavarao\.m2\repository\jakarta\annotation\jakarta.annotation-api\2.1.1\jakarta.annotation-api-2.1.1.jar;D:\Users\hkeshavarao\.m2\repository\org\yaml\snakeyaml\2.2\snakeyaml-2.2.jar;D:\Users\hkeshavarao\.m2\repository\org\springframework\boot\spring-boot-actuator-autoconfigure\3.2.2\spring-boot-actuator-autoconfigure-3.2.2.jar;D:\Users\hkeshavarao\.m2\repository\org\springframework\boot\spring-boot-actuator\3.2.2\spring-boot-actuator-3.2.2.jar;D:\Users\hkeshavarao\.m2\repository\com\fasterxml\jackson\core\jackson-databind\2.15.3\jackson-databind-2.15.3.jar;D:\Users\hkeshavarao\.m2\repository\com\fasterxml\jackson\core\jackson-annotations\2.15.3\jackson-annotations-2.15.3.jar;D:\Users\hkeshavarao\.m2\repository\com\fasterxml\jackson\core\jackson-core\2.15.3\jackson-core-2.15.3.jar;D:\Users\hkeshavarao\.m2\repository\com\fasterxml\jackson\datatype\jackson-datatype-jsr310\2.15.3\jackson-datatype-jsr310-2.15.3.jar;D:\Users\hkeshavarao\.m2\repository\io\micrometer\micrometer-observation\1.12.2\micrometer-observation-1.12.2.jar;D:\Users\hkeshavarao\.m2\repository\io\micrometer\micrometer-commons\1.12.2\micrometer-commons-1.12.2.jar;D:\Users\hkeshavarao\.m2\repository\io\micrometer\micrometer-jakarta9\1.12.2\micrometer-jakarta9-1.12.2.jar;D:\Users\hkeshavarao\.m2\repository\io\micrometer\micrometer-core\1.12.2\micrometer-core-1.12.2.jar;D:\Users\hkeshavarao\.m2\repository\org\hdrhistogram\HdrHistogram\2.1.12\HdrHistogram-2.1.12.jar;D:\Users\hkeshavarao\.m2\repository\org\latencyutils\LatencyUtils\2.0.3\LatencyUtils-2.0.3.jar;D:\Users\hkeshavarao\.m2\repository\org\springframework\boot\spring-boot-starter-data-jdbc\3.2.2\spring-boot-starter-data-jdbc-3.2.2.jar;D:\Users\hkeshavarao\.m2\repository\org\springframework\boot\spring-boot-starter-jdbc\3.2.2\spring-boot-starter-jdbc-3.2.2.jar;D:\Users\hkeshavarao\.m2\repository\com\zaxxer\HikariCP\5.0.1\HikariCP-5.0.1.jar;D:\Users\hkeshavarao\.m2\repository\org\springframework\spring-jdbc\6.1.3\spring-jdbc-6.1.3.jar;D:\Users\hkeshavarao\.m2\repository\org\springframework\data\spring-data-jdbc\3.2.2\spring-data-jdbc-3.2.2.jar;D:\Users\hkeshavarao\.m2\repository\org\springframework\data\spring-data-relational\3.2.2\spring-data-relational-3.2.2.jar;D:\Users\hkeshavarao\.m2\repository\com\github\jsqlparser\jsqlparser\4.6\jsqlparser-4.6.jar;D:\Users\hkeshavarao\.m2\repository\org\springframework\data\spring-data-commons\3.2.2\spring-data-commons-3.2.2.jar;D:\Users\hkeshavarao\.m2\repository\org\springframework\spring-tx\6.1.3\spring-tx-6.1.3.jar;D:\Users\hkeshavarao\.m2\repository\org\springframework\spring-context\6.1.3\spring-context-6.1.3.jar;D:\Users\hkeshavarao\.m2\repository\org\springframework\spring-beans\6.1.3\spring-beans-6.1.3.jar;D:\Users\hkeshavarao\.m2\repository\org\springframework\boot\spring-boot-starter-data-jpa\3.2.2\spring-boot-starter-data-jpa-3.2.2.jar;D:\Users\hkeshavarao\.m2\repository\org\springframework\boot\spring-boot-starter-aop\3.2.2\spring-boot-starter-aop-3.2.2.jar;D:\Users\hkeshavarao\.m2\repository\org\aspectj\aspectjweaver\1.9.21\aspectjweaver-1.9.21.jar;D:\Users\hkeshavarao\.m2\repository\org\hibernate\orm\hibernate-core\6.4.1.Final\hibernate-core-6.4.1.Final.jar;D:\Users\hkeshavarao\.m2\repository\jakarta\persistence\jakarta.persistence-api\3.1.0\jakarta.persistence-api-3.1.0.jar;D:\Users\hkeshavarao\.m2\repository\jakarta\transaction\jakarta.transaction-api\2.0.1\jakarta.transaction-api-2.0.1.jar;D:\Users\hkeshavarao\.m2\repository\org\jboss\logging\jboss-logging\3.5.3.Final\jboss-logging-3.5.3.Final.jar;D:\Users\hkeshavarao\.m2\repository\org\hibernate\common\hibernate-commons-annotations\6.0.6.Final\hibernate-commons-annotations-6.0.6.Final.jar;D:\Users\hkeshavarao\.m2\repository\io\smallrye\jandex\3.1.2\jandex-3.1.2.jar;D:\Users\hkeshavarao\.m2\repository\com\fasterxml\classmate\1.6.0\classmate-1.6.0.jar;D:\Users\hkeshavarao\.m2\repository\net\bytebuddy\byte-buddy\1.14.11\byte-buddy-1.14.11.jar;D:\Users\hkeshavarao\.m2\repository\org\glassfish\jaxb\jaxb-runtime\4.0.4\jaxb-runtime-4.0.4.jar;D:\Users\hkeshavarao\.m2\repository\org\glassfish\jaxb\jaxb-core\4.0.4\jaxb-core-4.0.4.jar;D:\Users\hkeshavarao\.m2\repository\org\eclipse\angus\angus-activation\2.0.1\angus-activation-2.0.1.jar;D:\Users\hkeshavarao\.m2\repository\org\glassfish\jaxb\txw2\4.0.4\txw2-4.0.4.jar;D:\Users\hkeshavarao\.m2\repository\com\sun\istack\istack-commons-runtime\4.1.2\istack-commons-runtime-4.1.2.jar;D:\Users\hkeshavarao\.m2\repository\jakarta\inject\jakarta.inject-api\2.0.1\jakarta.inject-api-2.0.1.jar;D:\Users\hkeshavarao\.m2\repository\org\antlr\antlr4-runtime\4.13.0\antlr4-runtime-4.13.0.jar;D:\Users\hkeshavarao\.m2\repository\org\springframework\data\spring-data-jpa\3.2.2\spring-data-jpa-3.2.2.jar;D:\Users\hkeshavarao\.m2\repository\org\springframework\spring-orm\6.1.3\spring-orm-6.1.3.jar;D:\Users\hkeshavarao\.m2\repository\org\springframework\spring-aspects\6.1.3\spring-aspects-6.1.3.jar;D:\Users\hkeshavarao\.m2\repository\org\springframework\boot\spring-boot-starter-security\3.2.2\spring-boot-starter-security-3.2.2.jar;D:\Users\hkeshavarao\.m2\repository\org\springframework\spring-aop\6.1.3\spring-aop-6.1.3.jar;D:\Users\hkeshavarao\.m2\repository\org\springframework\security\spring-security-config\6.2.1\spring-security-config-6.2.1.jar;D:\Users\hkeshavarao\.m2\repository\org\springframework\security\spring-security-web\6.2.1\spring-security-web-6.2.1.jar;D:\Users\hkeshavarao\.m2\repository\org\springframework\spring-expression\6.1.3\spring-expression-6.1.3.jar;D:\Users\hkeshavarao\.m2\repository\org\springframework\boot\spring-boot-starter-thymeleaf\3.2.2\spring-boot-starter-thymeleaf-3.2.2.jar;D:\Users\hkeshavarao\.m2\repository\org\thymeleaf\thymeleaf-spring6\3.1.2.RELEASE\thymeleaf-spring6-3.1.2.RELEASE.jar;D:\Users\hkeshavarao\.m2\repository\org\thymeleaf\thymeleaf\3.1.2.RELEASE\thymeleaf-3.1.2.RELEASE.jar;D:\Users\hkeshavarao\.m2\repository\org\attoparser\attoparser\2.0.7.RELEASE\attoparser-2.0.7.RELEASE.jar;D:\Users\hkeshavarao\.m2\repository\org\unbescape\unbescape\1.1.6.RELEASE\unbescape-1.1.6.RELEASE.jar;D:\Users\hkeshavarao\.m2\repository\org\springframework\boot\spring-boot-starter-web\3.2.2\spring-boot-starter-web-3.2.2.jar;D:\Users\hkeshavarao\.m2\repository\org\springframework\boot\spring-boot-starter-json\3.2.2\spring-boot-starter-json-3.2.2.jar;D:\Users\hkeshavarao\.m2\repository\com\fasterxml\jackson\datatype\jackson-datatype-jdk8\2.15.3\jackson-datatype-jdk8-2.15.3.jar;D:\Users\hkeshavarao\.m2\repository\com\fasterxml\jackson\module\jackson-module-parameter-names\2.15.3\jackson-module-parameter-names-2.15.3.jar;D:\Users\hkeshavarao\.m2\repository\org\springframework\boot\spring-boot-starter-tomcat\3.2.2\spring-boot-starter-tomcat-3.2.2.jar;D:\Users\hkeshavarao\.m2\repository\org\apache\tomcat\embed\tomcat-embed-core\10.1.18\tomcat-embed-core-10.1.18.jar;D:\Users\hkeshavarao\.m2\repository\org\apache\tomcat\embed\tomcat-embed-websocket\10.1.18\tomcat-embed-websocket-10.1.18.jar;D:\Users\hkeshavarao\.m2\repository\org\springframework\spring-web\6.1.3\spring-web-6.1.3.jar;D:\Users\hkeshavarao\.m2\repository\org\springframework\spring-webmvc\6.1.3\spring-webmvc-6.1.3.jar;D:\Users\hkeshavarao\.m2\repository\org\thymeleaf\extras\thymeleaf-extras-springsecurity6\3.1.2.RELEASE\thymeleaf-extras-springsecurity6-3.1.2.RELEASE.jar;D:\Users\hkeshavarao\.m2\repository\org\slf4j\slf4j-api\2.0.11\slf4j-api-2.0.11.jar;D:\Users\hkeshavarao\.m2\repository\org\springframework\boot\spring-boot-starter-validation\3.2.2\spring-boot-starter-validation-3.2.2.jar;D:\Users\hkeshavarao\.m2\repository\org\apache\tomcat\embed\tomcat-embed-el\10.1.18\tomcat-embed-el-10.1.18.jar;D:\Users\hkeshavarao\.m2\repository\org\hibernate\validator\hibernate-validator\8.0.1.Final\hibernate-validator-8.0.1.Final.jar;D:\Users\hkeshavarao\.m2\repository\jakarta\validation\jakarta.validation-api\3.0.2\jakarta.validation-api-3.0.2.jar;D:\Users\hkeshavarao\.m2\repository\org\springdoc\springdoc-openapi-starter-webmvc-ui\2.3.0\springdoc-openapi-starter-webmvc-ui-2.3.0.jar;D:\Users\hkeshavarao\.m2\repository\org\springdoc\springdoc-openapi-starter-webmvc-api\2.3.0\springdoc-openapi-starter-webmvc-api-2.3.0.jar;D:\Users\hkeshavarao\.m2\repository\org\springdoc\springdoc-openapi-starter-common\2.3.0\springdoc-openapi-starter-common-2.3.0.jar;D:\Users\hkeshavarao\.m2\repository\io\swagger\core\v3\swagger-core-jakarta\2.2.19\swagger-core-jakarta-2.2.19.jar;D:\Users\hkeshavarao\.m2\repository\org\apache\commons\commons-lang3\3.13.0\commons-lang3-3.13.0.jar;D:\Users\hkeshavarao\.m2\repository\io\swagger\core\v3\swagger-annotations-jakarta\2.2.19\swagger-annotations-jakarta-2.2.19.jar;D:\Users\hkeshavarao\.m2\repository\io\swagger\core\v3\swagger-models-jakarta\2.2.19\swagger-models-jakarta-2.2.19.jar;D:\Users\hkeshavarao\.m2\repository\com\fasterxml\jackson\dataformat\jackson-dataformat-yaml\2.15.3\jackson-dataformat-yaml-2.15.3.jar;D:\Users\hkeshavarao\.m2\repository\org\webjars\swagger-ui\5.10.3\swagger-ui-5.10.3.jar;D:\Users\hkeshavarao\.m2\repository\com\mysql\mysql-connector-j\8.3.0\mysql-connector-j-8.3.0.jar;D:\Users\hkeshavarao\.m2\repository\org\projectlombok\lombok\1.18.30\lombok-1.18.30.jar;D:\Users\hkeshavarao\.m2\repository\jakarta\xml\bind\jakarta.xml.bind-api\4.0.1\jakarta.xml.bind-api-4.0.1.jar;D:\Users\hkeshavarao\.m2\repository\jakarta\activation\jakarta.activation-api\2.1.2\jakarta.activation-api-2.1.2.jar;D:\Users\hkeshavarao\.m2\repository\org\springframework\spring-core\6.1.3\spring-core-6.1.3.jar;D:\Users\hkeshavarao\.m2\repository\org\springframework\spring-jcl\6.1.3\spring-jcl-6.1.3.jar;D:\Users\hkeshavarao\.m2\repository\org\springframework\security\spring-security-core\6.2.1\spring-security-core-6.2.1.jar;D:\Users\hkeshavarao\.m2\repository\org\springframework\security\spring-security-crypto\6.2.1\spring-security-crypto-6.2.1.jar;D:\Users\hkeshavarao\AppData\Local\JetBrains\IntelliJ IDEA Community Edition 2022.2.1\lib\idea_rt.jar
Launcher Type: SUN_STANDARD

[Global flags]
     intx CICompilerCount                          = 4                                         {product} {ergonomic}
     uint ConcGCThreads                            = 2                                         {product} {ergonomic}
     uint G1ConcRefinementThreads                  = 8                                         {product} {ergonomic}
   size_t G1HeapRegionSize                         = 2097152                                   {product} {ergonomic}
    uintx GCDrainStackTargetSize                   = 64                                        {product} {ergonomic}
   size_t InitialHeapSize                          = 266338304                                 {product} {ergonomic}
   size_t MarkStackSize                            = 4194304                                   {product} {ergonomic}
   size_t MaxHeapSize                              = 4238344192                                {product} {ergonomic}
   size_t MaxNewSize                               = 2541748224                                {product} {ergonomic}
   size_t MinHeapDeltaBytes                        = 2097152                                   {product} {ergonomic}
   size_t MinHeapSize                              = 8388608                                   {product} {ergonomic}
    uintx NonNMethodCodeHeapSize                   = 5839372                                {pd product} {ergonomic}
    uintx NonProfiledCodeHeapSize                  = 122909434                              {pd product} {ergonomic}
    uintx ProfiledCodeHeapSize                     = 122909434                              {pd product} {ergonomic}
    uintx ReservedCodeCacheSize                    = 251658240                              {pd product} {ergonomic}
     bool SegmentedCodeCache                       = true                                      {product} {ergonomic}
   size_t SoftMaxHeapSize                          = 4238344192                             {manageable} {ergonomic}
     bool UseCompressedClassPointers               = true                           {product lp64_product} {ergonomic}
     bool UseCompressedOops                        = true                           {product lp64_product} {ergonomic}
     bool UseG1GC                                  = true                                      {product} {ergonomic}
     bool UseLargePagesIndividualAllocation        = false                                  {pd product} {ergonomic}

Logging:
Log output configuration:
 #0: stdout all=warning uptime,level,tags foldmultilines=false
 #1: stderr all=off uptime,level,tags foldmultilines=false

Environment Variables:
PATH=C:\Windows\system32;C:\Windows;C:\Windows\System32\Wbem;C:\Windows\System32\WindowsPowerShell\v1.0\;C:\Windows\System32\OpenSSH\;C:\Program Files\Intel\WiFi\bin\;C:\Program Files\Common Files\Intel\WirelessCommon\;C:\Program Files\PuTTY\;C:\Program Files\nodejs\;D:\Users\hkeshavarao\AppData\Local\Microsoft\WindowsApps;D:\Users\hkeshavarao\AppData\Local\Programs\Microsoft VS Code\bin;D:\Users\hkeshavarao\AppData\Roaming\npm;D:\Users\hkeshavarao\AppData\Local\JetBrains\IntelliJ IDEA Community Edition 2022.2.1\bin;;D:\Users\hkeshavarao\Downloads\zulu8.68.0.21-ca-jdk8.0.362-win_x64\zulu8.68.0.21-ca-jdk8.0.362-win_x64\bin;D:\Users\hkeshavarao\AppData\Local\Programs\Git\cmd
USERNAME=hkeshavarao
OS=Windows_NT
PROCESSOR_IDENTIFIER=Intel64 Family 6 Model 142 Stepping 12, GenuineIntel



---------------  S Y S T E M  ---------------

OS:
 Windows 10 , 64 bit Build 19041 (10.0.19041.3636)
OS uptime: 3 days 0:30 hours

CPU: total 8 (initial active 8) (4 cores per cpu, 2 threads per core) family 6 model 142 stepping 12 microcode 0xec, cx8, cmov, fxsr, ht, mmx, 3dnowpref, sse, sse2, sse3, ssse3, sse4.1, sse4.2, popcnt, lzcnt, tsc, tscinvbit, avx, avx2, aes, erms, clmul, bmi1, bmi2, adx, fma, vzeroupper, clflush, clflushopt

Memory: 4k page, system-wide physical 16163M (1318M free)
TotalPageFile size 28872M (AvailPageFile size 254M)
current process WorkingSet (physical memory assigned to process): 298M, peak: 299M
current process commit charge ("private bytes"): 339M, peak: 410M

vm_info: OpenJDK 64-Bit Server VM (18.0.2.1+1-1) for windows-amd64 JRE (18.0.2.1+1-1), built on Aug 16 2022 01:44:29 by "mach5one" with MS VC++ 16.8 / 16.9 (VS2019)

END.
