#
# There is insufficient memory for the Java Runtime Environment to continue.
# Native memory allocation (mmap) failed to map 266338304 bytes for G1 virtual space
# Possible reasons:
#   The system is out of physical RAM or swap space
#   The process is running with CompressedOops enabled, and the Java Heap may be blocking the growth of the native heap
# Possible solutions:
#   Reduce memory load on the system
#   Increase physical memory or swap space
#   Check if swap backing store is full
#   Decrease Java heap size (-Xmx/-Xms)
#   Decrease number of Java threads
#   Decrease Java thread stack sizes (-Xss)
#   Set larger code cache with -XX:ReservedCodeCacheSize=
#   JVM is running with Zero Based Compressed Oops mode in which the Java heap is
#     placed in the first 32GB address space. The Java Heap base address is the
#     maximum limit for the native heap growth. Please use -XX:HeapBaseMinAddress
#     to set the Java Heap base and to place the Java Heap above 32GB virtual address.
# This output file may be truncated or incomplete.
#
#  Out of Memory Error (os_windows.cpp:3530), pid=35964, tid=5292
#
# JRE version:  (18.0.2.1+1) (build )
# Java VM: OpenJDK 64-Bit Server VM (18.0.2.1+1-1, mixed mode, sharing, tiered, compressed oops, compressed class ptrs, g1 gc, windows-amd64)
# No core dump will be written. Minidumps are not enabled by default on client versions of Windows
#

---------------  S U M M A R Y ------------

Command Line: -Dnet.bytebuddy.agent.attacher.dump= net.bytebuddy.agent.Attacher com.sun.tools.attach.VirtualMachine 8888 D:\Users\hkeshavarao\.m2\repository\net\bytebuddy\byte-buddy-agent\1.14.11\byte-buddy-agent-1.14.11.jar false 

Host: Intel(R) Core(TM) i5-8265U CPU @ 1.60GHz, 8 cores, 15G,  Windows 10 , 64 bit Build 19041 (10.0.19041.3636)
Time: Wed Jan 24 21:57:34 2024 India Standard Time elapsed time: 0.029868 seconds (0d 0h 0m 0s)

---------------  T H R E A D  ---------------

Current thread (0x0000022c7ff75ad0):  JavaThread "Unknown thread" [_thread_in_vm, id=5292, stack(0x000000dca7c00000,0x000000dca7d00000)]

Stack: [0x000000dca7c00000,0x000000dca7d00000]
Native frames: (J=compiled Java code, j=interpreted, Vv=VM code, C=native code)
V  [jvm.dll+0x6993aa]
V  [jvm.dll+0x7f46dd]
V  [jvm.dll+0x7f5fee]
V  [jvm.dll+0x7f66a3]
V  [jvm.dll+0x25cf1f]
V  [jvm.dll+0x6962f9]
V  [jvm.dll+0x68ae2a]
V  [jvm.dll+0x32255b]
V  [jvm.dll+0x329f36]
V  [jvm.dll+0x37eade]
V  [jvm.dll+0x37ed0f]
V  [jvm.dll+0x2fa2da]
V  [jvm.dll+0x2fb33d]
V  [jvm.dll+0x7c3310]
V  [jvm.dll+0x38be61]
V  [jvm.dll+0x7a2023]
V  [jvm.dll+0x40dc3f]
V  [jvm.dll+0x40f611]
C  [jli.dll+0x526b]
C  [ucrtbase.dll+0x21bb2]
C  [KERNEL32.DLL+0x17344]
C  [ntdll.dll+0x526b1]


---------------  P R O C E S S  ---------------

Threads class SMR info:
_java_thread_list=0x00007ffcf131e550, length=0, elements={
}

Java Threads: ( => current thread )

Other Threads:
  0x0000022c7ffe73c0 WorkerThread "GC Thread#0" [stack: 0x000000dca7d00000,0x000000dca7e00000] [id=24612]
  0x0000022c7fff7f80 ConcurrentGCThread "G1 Main Marker" [stack: 0x000000dca7e00000,0x000000dca7f00000] [id=35716]
  0x0000022c7fff8970 WorkerThread "G1 Conc#0" [stack: 0x000000dca7f00000,0x000000dca8000000] [id=32932]

[error occurred during error reporting (printing all threads), id 0xc0000005, EXCEPTION_ACCESS_VIOLATION (0xc0000005) at pc=0x00007ffcf0b4a877]

VM state: not at safepoint (not fully initialized)

VM Mutex/Monitor currently owned by a thread:  ([mutex/lock_event])
[0x0000022c7ff747d0] Heap_lock - owner thread: 0x0000022c7ff75ad0

Heap address: 0x0000000703600000, size: 4042 MB, Compressed Oops mode: Zero based, Oop shift amount: 3

CDS archive(s) mapped at: [0x0000000000000000-0x0000000000000000-0x0000000000000000), size 0, SharedBaseAddress: 0x0000000800000000, ArchiveRelocationMode: 0.
Narrow klass base: 0x0000000000000000, Narrow klass shift: 0, Narrow klass range: 0x0

GC Precious Log:
 CardTable entry size: 512
 Card Set container configuration: InlinePtr #cards 4 size 8 Array Of Cards #cards 16 size 48 Howl #buckets 8 coarsen threshold 3686 Howl Bitmap #cards 512 size 80 coarsen threshold 460 Card regions per heap region 1 cards per card region 4096

Heap:
 garbage-first heap   total 0K, used 0K [0x0000000703600000, 0x0000000800000000)
  region size 2048K, 0 young (0K), 0 survivors (0K)

[error occurred during error reporting (printing heap information), id 0xc0000005, EXCEPTION_ACCESS_VIOLATION (0xc0000005) at pc=0x00007ffcf0f31839]

GC Heap History (0 events):
No events

Deoptimization events (0 events):
No events

Classes loaded (0 events):
No events

Classes unloaded (0 events):
No events

Classes redefined (0 events):
No events

Internal exceptions (0 events):
No events

VM Operations (0 events):
No events

Events (1 events):
Event: 0.019 Loaded shared library D:\Users\hkeshavarao\.jdks\openjdk-18.0.2.1\bin\java.dll


Dynamic libraries:
0x00007ff64e1c0000 - 0x00007ff64e1ce000 	D:\Users\hkeshavarao\.jdks\openjdk-18.0.2.1\bin\java.exe
0x00007ffdb0110000 - 0x00007ffdb0308000 	C:\Windows\SYSTEM32\ntdll.dll
0x00007ffdafa10000 - 0x00007ffdafacd000 	C:\Windows\System32\KERNEL32.DLL
0x00007ffdadaf0000 - 0x00007ffdadde6000 	C:\Windows\System32\KERNELBASE.dll
0x00007ffdad9f0000 - 0x00007ffdadaf0000 	C:\Windows\System32\ucrtbase.dll
0x00007ffd8f930000 - 0x00007ffd8f94a000 	D:\Users\hkeshavarao\.jdks\openjdk-18.0.2.1\bin\VCRUNTIME140.dll
0x00007ffd8f950000 - 0x00007ffd8f967000 	D:\Users\hkeshavarao\.jdks\openjdk-18.0.2.1\bin\jli.dll
0x00007ffdaf510000 - 0x00007ffdaf6ae000 	C:\Windows\System32\USER32.dll
0x00007ffdade90000 - 0x00007ffdadeb2000 	C:\Windows\System32\win32u.dll
0x00007ffdae2d0000 - 0x00007ffdae2fc000 	C:\Windows\System32\GDI32.dll
0x00007ffdad8d0000 - 0x00007ffdad9ea000 	C:\Windows\System32\gdi32full.dll
0x00007ffdabca0000 - 0x00007ffdabf3a000 	C:\Windows\WinSxS\amd64_microsoft.windows.common-controls_6595b64144ccf1df_6.0.19041.3636_none_60b6a03d71f818d5\COMCTL32.dll
0x00007ffdae0d0000 - 0x00007ffdae16d000 	C:\Windows\System32\msvcp_win.dll
0x00007ffdae230000 - 0x00007ffdae2ce000 	C:\Windows\System32\msvcrt.dll
0x00007ffdae780000 - 0x00007ffdae7b0000 	C:\Windows\System32\IMM32.DLL
0x00007ffd95710000 - 0x00007ffd95912000 	C:\Windows\system32\tmumh\20019\AddOn\8.55.0.1288\TmUmEvt64.dll
0x00007ffdae170000 - 0x00007ffdae178000 	C:\Windows\System32\PSAPI.DLL
0x00007ffdae180000 - 0x00007ffdae22f000 	C:\Windows\System32\ADVAPI32.dll
0x00007ffdae830000 - 0x00007ffdae8cc000 	C:\Windows\System32\sechost.dll
0x00007ffdaff40000 - 0x00007ffdb0066000 	C:\Windows\System32\RPCRT4.dll
0x000000005d030000 - 0x000000005d1c7000 	C:\Windows\system32\tmumh\20019\TmMon\2.9.0.1084\tmmon64.dll
0x00007ffd798d0000 - 0x00007ffd79c0d000 	C:\Windows\System32\TmLWE\TmUmSnsr64\1.0.0.1127\TmUmSnsr64.dll
0x00007ffdab940000 - 0x00007ffdab952000 	C:\Windows\SYSTEM32\kernel.appcore.dll
0x00007ffda13d0000 - 0x00007ffda13dc000 	D:\Users\hkeshavarao\.jdks\openjdk-18.0.2.1\bin\vcruntime140_1.dll
0x00007ffd7a7c0000 - 0x00007ffd7a84d000 	D:\Users\hkeshavarao\.jdks\openjdk-18.0.2.1\bin\msvcp140.dll
0x00007ffcf0840000 - 0x00007ffcf1451000 	D:\Users\hkeshavarao\.jdks\openjdk-18.0.2.1\bin\server\jvm.dll
0x00007ffd8d8b0000 - 0x00007ffd8d8b9000 	C:\Windows\SYSTEM32\WSOCK32.dll
0x00007ffdae3b0000 - 0x00007ffdae41b000 	C:\Windows\System32\WS2_32.dll
0x00007ffd93fd0000 - 0x00007ffd93ff7000 	C:\Windows\SYSTEM32\WINMM.dll
0x00007ffda2bb0000 - 0x00007ffda2bba000 	C:\Windows\SYSTEM32\VERSION.dll
0x00007ffd9f350000 - 0x00007ffd9f35a000 	D:\Users\hkeshavarao\.jdks\openjdk-18.0.2.1\bin\jimage.dll
0x00007ffdab2e0000 - 0x00007ffdab4c4000 	C:\Windows\SYSTEM32\DBGHELP.DLL
0x00007ffd91fa0000 - 0x00007ffd91fd4000 	C:\Windows\SYSTEM32\dbgcore.DLL
0x00007ffdad840000 - 0x00007ffdad8c2000 	C:\Windows\System32\bcryptPrimitives.dll
0x00007ffd82900000 - 0x00007ffd82925000 	D:\Users\hkeshavarao\.jdks\openjdk-18.0.2.1\bin\java.dll

dbghelp: loaded successfully - version: 4.0.5 - missing functions: none
symbol engine: initialized successfully - sym options: 0x614 - pdb path: .;D:\Users\hkeshavarao\.jdks\openjdk-18.0.2.1\bin;C:\Windows\SYSTEM32;C:\Windows\WinSxS\amd64_microsoft.windows.common-controls_6595b64144ccf1df_6.0.19041.3636_none_60b6a03d71f818d5;C:\Windows\system32\tmumh\20019\AddOn\8.55.0.1288;C:\Windows\system32\tmumh\20019\TmMon\2.9.0.1084;C:\Windows\System32\TmLWE\TmUmSnsr64\1.0.0.1127;D:\Users\hkeshavarao\.jdks\openjdk-18.0.2.1\bin\server

VM Arguments:
jvm_args: -Dnet.bytebuddy.agent.attacher.dump= 
java_command: net.bytebuddy.agent.Attacher com.sun.tools.attach.VirtualMachine 8888 D:\Users\hkeshavarao\.m2\repository\net\bytebuddy\byte-buddy-agent\1.14.11\byte-buddy-agent-1.14.11.jar false 
java_class_path (initial): D:\Users\hkeshavarao\.m2\repository\net\bytebuddy\byte-buddy-agent\1.14.11\byte-buddy-agent-1.14.11.jar
Launcher Type: SUN_STANDARD

[Global flags]
     intx CICompilerCount                          = 4                                         {product} {ergonomic}
     uint ConcGCThreads                            = 2                                         {product} {ergonomic}
     uint G1ConcRefinementThreads                  = 8                                         {product} {ergonomic}
   size_t G1HeapRegionSize                         = 2097152                                   {product} {ergonomic}
    uintx GCDrainStackTargetSize                   = 64                                        {product} {ergonomic}
   size_t InitialHeapSize                          = 266338304                                 {product} {ergonomic}
   size_t MarkStackSize                            = 4194304                                   {product} {ergonomic}
   size_t MaxHeapSize                              = 4238344192                                {product} {ergonomic}
   size_t MinHeapDeltaBytes                        = 2097152                                   {product} {ergonomic}
   size_t MinHeapSize                              = 8388608                                   {product} {ergonomic}
    uintx NonNMethodCodeHeapSize                   = 5839372                                {pd product} {ergonomic}
    uintx NonProfiledCodeHeapSize                  = 122909434                              {pd product} {ergonomic}
    uintx ProfiledCodeHeapSize                     = 122909434                              {pd product} {ergonomic}
    uintx ReservedCodeCacheSize                    = 251658240                              {pd product} {ergonomic}
     bool SegmentedCodeCache                       = true                                      {product} {ergonomic}
   size_t SoftMaxHeapSize                          = 4238344192                             {manageable} {ergonomic}
     bool UseCompressedClassPointers               = true                           {product lp64_product} {ergonomic}
     bool UseCompressedOops                        = true                           {product lp64_product} {ergonomic}
     bool UseG1GC                                  = true                                      {product} {ergonomic}
     bool UseLargePagesIndividualAllocation        = false                                  {pd product} {ergonomic}

Logging:
Log output configuration:
 #0: stdout all=warning uptime,level,tags foldmultilines=false
 #1: stderr all=off uptime,level,tags foldmultilines=false

Environment Variables:
PATH=C:\Windows\system32;C:\Windows;C:\Windows\System32\Wbem;C:\Windows\System32\WindowsPowerShell\v1.0\;C:\Windows\System32\OpenSSH\;C:\Program Files\Intel\WiFi\bin\;C:\Program Files\Common Files\Intel\WirelessCommon\;C:\Program Files\PuTTY\;C:\Program Files\nodejs\;D:\Users\hkeshavarao\AppData\Local\Microsoft\WindowsApps;D:\Users\hkeshavarao\AppData\Local\Programs\Microsoft VS Code\bin;D:\Users\hkeshavarao\AppData\Roaming\npm;D:\Users\hkeshavarao\AppData\Local\JetBrains\IntelliJ IDEA Community Edition 2022.2.1\bin;;D:\Users\hkeshavarao\Downloads\zulu8.68.0.21-ca-jdk8.0.362-win_x64\zulu8.68.0.21-ca-jdk8.0.362-win_x64\bin;D:\Users\hkeshavarao\AppData\Local\Programs\Git\cmd
USERNAME=hkeshavarao
OS=Windows_NT
PROCESSOR_IDENTIFIER=Intel64 Family 6 Model 142 Stepping 12, GenuineIntel



---------------  S Y S T E M  ---------------

OS:
 Windows 10 , 64 bit Build 19041 (10.0.19041.3636)
OS uptime: 4 days 12:00 hours

CPU: total 8 (initial active 8) (4 cores per cpu, 2 threads per core) family 6 model 142 stepping 12 microcode 0xec, cx8, cmov, fxsr, ht, mmx, 3dnowpref, sse, sse2, sse3, ssse3, sse4.1, sse4.2, popcnt, lzcnt, tsc, tscinvbit, avx, avx2, aes, erms, clmul, bmi1, bmi2, adx, fma, vzeroupper, clflush, clflushopt

Memory: 4k page, system-wide physical 16163M (1883M free)
TotalPageFile size 28872M (AvailPageFile size 290M)
current process WorkingSet (physical memory assigned to process): 15M, peak: 15M
current process commit charge ("private bytes"): 65M, peak: 318M

vm_info: OpenJDK 64-Bit Server VM (18.0.2.1+1-1) for windows-amd64 JRE (18.0.2.1+1-1), built on Aug 16 2022 01:44:29 by "mach5one" with MS VC++ 16.8 / 16.9 (VS2019)

END.
