#
# There is insufficient memory for the Java Runtime Environment to continue.
# Native memory allocation (mmap) failed to map 266338304 bytes for G1 virtual space
# Possible reasons:
#   The system is out of physical RAM or swap space
#   The process is running with CompressedOops enabled, and the Java Heap may be blocking the growth of the native heap
# Possible solutions:
#   Reduce memory load on the system
#   Increase physical memory or swap space
#   Check if swap backing store is full
#   Decrease Java heap size (-Xmx/-Xms)
#   Decrease number of Java threads
#   Decrease Java thread stack sizes (-Xss)
#   Set larger code cache with -XX:ReservedCodeCacheSize=
#   JVM is running with Zero Based Compressed Oops mode in which the Java heap is
#     placed in the first 32GB address space. The Java Heap base address is the
#     maximum limit for the native heap growth. Please use -XX:HeapBaseMinAddress
#     to set the Java Heap base and to place the Java Heap above 32GB virtual address.
# This output file may be truncated or incomplete.
#
#  Out of Memory Error (os_windows.cpp:3530), pid=36796, tid=20696
#
# JRE version:  (18.0.2.1+1) (build )
# Java VM: OpenJDK 64-Bit Server VM (18.0.2.1+1-1, mixed mode, sharing, tiered, compressed oops, compressed class ptrs, g1 gc, windows-amd64)
# No core dump will be written. Minidumps are not enabled by default on client versions of Windows
#

---------------  S U M M A R Y ------------

Command Line: -ea -Didea.test.cyclic.buffer.size=1048576 -javaagent:D:\Users\hkeshavarao\AppData\Local\JetBrains\IntelliJ IDEA Community Edition 2022.2.1\lib\idea_rt.jar=61392:D:\Users\hkeshavarao\AppData\Local\JetBrains\IntelliJ IDEA Community Edition 2022.2.1\bin -Dfile.encoding=UTF-8 -Dsun.stdout.encoding=UTF-8 -Dsun.stderr.encoding=UTF-8 com.intellij.rt.junit.JUnitStarter -ideVersion5 -junit5 com.example.productservice.Controller.AdminProductControllerTest,testAddProduct

Host: Intel(R) Core(TM) i5-8265U CPU @ 1.60GHz, 8 cores, 15G,  Windows 10 , 64 bit Build 19041 (10.0.19041.3636)
Time: Wed Jan 24 21:56:00 2024 India Standard Time elapsed time: 0.043366 seconds (0d 0h 0m 0s)

---------------  T H R E A D  ---------------

Current thread (0x000001f36002f030):  JavaThread "Unknown thread" [_thread_in_vm, id=20696, stack(0x000000e677a00000,0x000000e677b00000)]

Stack: [0x000000e677a00000,0x000000e677b00000]
Native frames: (J=compiled Java code, j=interpreted, Vv=VM code, C=native code)
V  [jvm.dll+0x6993aa]
V  [jvm.dll+0x7f46dd]
V  [jvm.dll+0x7f5fee]
V  [jvm.dll+0x7f66a3]
V  [jvm.dll+0x25cf1f]
V  [jvm.dll+0x6962f9]
V  [jvm.dll+0x68ae2a]
V  [jvm.dll+0x32255b]
V  [jvm.dll+0x329f36]
V  [jvm.dll+0x37eade]
V  [jvm.dll+0x37ed0f]
V  [jvm.dll+0x2fa2da]
V  [jvm.dll+0x2fb33d]
V  [jvm.dll+0x7c3310]
V  [jvm.dll+0x38be61]
V  [jvm.dll+0x7a2023]
V  [jvm.dll+0x40dc3f]
V  [jvm.dll+0x40f611]
C  [jli.dll+0x526b]
C  [ucrtbase.dll+0x21bb2]
C  [KERNEL32.DLL+0x17344]
C  [ntdll.dll+0x526b1]


---------------  P R O C E S S  ---------------

Threads class SMR info:
_java_thread_list=0x00007ffcf131e550, length=0, elements={
}

Java Threads: ( => current thread )

Other Threads:
  0x000001f37c370a30 WorkerThread "GC Thread#0" [stack: 0x000000e677b00000,0x000000e677c00000] [id=37020]
  0x000001f360090840 ConcurrentGCThread "G1 Main Marker" [stack: 0x000000e677c00000,0x000000e677d00000] [id=24024]
  0x000001f360091d60 WorkerThread "G1 Conc#0" [stack: 0x000000e677d00000,0x000000e677e00000] [id=6792]

[error occurred during error reporting (printing all threads), id 0xc0000005, EXCEPTION_ACCESS_VIOLATION (0xc0000005) at pc=0x00007ffcf0b4a877]

VM state: not at safepoint (not fully initialized)

VM Mutex/Monitor currently owned by a thread:  ([mutex/lock_event])
[0x000001f36002d340] Heap_lock - owner thread: 0x000001f36002f030

Heap address: 0x0000000703600000, size: 4042 MB, Compressed Oops mode: Zero based, Oop shift amount: 3

CDS archive(s) mapped at: [0x0000000000000000-0x0000000000000000-0x0000000000000000), size 0, SharedBaseAddress: 0x0000000800000000, ArchiveRelocationMode: 0.
Narrow klass base: 0x0000000000000000, Narrow klass shift: 0, Narrow klass range: 0x0

GC Precious Log:
 CardTable entry size: 512
 Card Set container configuration: InlinePtr #cards 4 size 8 Array Of Cards #cards 16 size 48 Howl #buckets 8 coarsen threshold 3686 Howl Bitmap #cards 512 size 80 coarsen threshold 460 Card regions per heap region 1 cards per card region 4096

Heap:
 garbage-first heap   total 0K, used 0K [0x0000000703600000, 0x0000000800000000)
  region size 2048K, 0 young (0K), 0 survivors (0K)

[error occurred during error reporting (printing heap information), id 0xc0000005, EXCEPTION_ACCESS_VIOLATION (0xc0000005) at pc=0x00007ffcf0f31839]

GC Heap History (0 events):
No events

Deoptimization events (0 events):
No events

Classes loaded (0 events):
No events

Classes unloaded (0 events):
No events

Classes redefined (0 events):
No events

Internal exceptions (0 events):
No events

VM Operations (0 events):
No events

Events (1 events):
Event: 0.030 Loaded shared library D:\Users\hkeshavarao\.jdks\openjdk-18.0.2.1\bin\java.dll


Dynamic libraries:
0x00007ff64e1c0000 - 0x00007ff64e1ce000 	D:\Users\hkeshavarao\.jdks\openjdk-18.0.2.1\bin\java.exe
0x00007ffdb0110000 - 0x00007ffdb0308000 	C:\Windows\SYSTEM32\ntdll.dll
0x00007ffdafa10000 - 0x00007ffdafacd000 	C:\Windows\System32\KERNEL32.DLL
0x00007ffdadaf0000 - 0x00007ffdadde6000 	C:\Windows\System32\KERNELBASE.dll
0x00007ffdad9f0000 - 0x00007ffdadaf0000 	C:\Windows\System32\ucrtbase.dll
0x00007ffd8f930000 - 0x00007ffd8f94a000 	D:\Users\hkeshavarao\.jdks\openjdk-18.0.2.1\bin\VCRUNTIME140.dll
0x00007ffd8f950000 - 0x00007ffd8f967000 	D:\Users\hkeshavarao\.jdks\openjdk-18.0.2.1\bin\jli.dll
0x00007ffdaf510000 - 0x00007ffdaf6ae000 	C:\Windows\System32\USER32.dll
0x00007ffdade90000 - 0x00007ffdadeb2000 	C:\Windows\System32\win32u.dll
0x00007ffdae2d0000 - 0x00007ffdae2fc000 	C:\Windows\System32\GDI32.dll
0x00007ffdad8d0000 - 0x00007ffdad9ea000 	C:\Windows\System32\gdi32full.dll
0x00007ffdae0d0000 - 0x00007ffdae16d000 	C:\Windows\System32\msvcp_win.dll
0x00007ffdabca0000 - 0x00007ffdabf3a000 	C:\Windows\WinSxS\amd64_microsoft.windows.common-controls_6595b64144ccf1df_6.0.19041.3636_none_60b6a03d71f818d5\COMCTL32.dll
0x00007ffdae230000 - 0x00007ffdae2ce000 	C:\Windows\System32\msvcrt.dll
0x00007ffdae780000 - 0x00007ffdae7b0000 	C:\Windows\System32\IMM32.DLL
0x00007ffd95710000 - 0x00007ffd95912000 	C:\Windows\system32\tmumh\20019\AddOn\8.55.0.1288\TmUmEvt64.dll
0x00007ffdae170000 - 0x00007ffdae178000 	C:\Windows\System32\PSAPI.DLL
0x00007ffdae180000 - 0x00007ffdae22f000 	C:\Windows\System32\ADVAPI32.dll
0x00007ffdae830000 - 0x00007ffdae8cc000 	C:\Windows\System32\sechost.dll
0x00007ffdaff40000 - 0x00007ffdb0066000 	C:\Windows\System32\RPCRT4.dll
0x000000005d030000 - 0x000000005d1c7000 	C:\Windows\system32\tmumh\20019\TmMon\2.9.0.1084\tmmon64.dll
0x00007ffd798d0000 - 0x00007ffd79c0d000 	C:\Windows\System32\TmLWE\TmUmSnsr64\1.0.0.1127\TmUmSnsr64.dll
0x00007ffdab940000 - 0x00007ffdab952000 	C:\Windows\SYSTEM32\kernel.appcore.dll
0x00007ffda13d0000 - 0x00007ffda13dc000 	D:\Users\hkeshavarao\.jdks\openjdk-18.0.2.1\bin\vcruntime140_1.dll
0x00007ffd7a7c0000 - 0x00007ffd7a84d000 	D:\Users\hkeshavarao\.jdks\openjdk-18.0.2.1\bin\msvcp140.dll
0x00007ffcf0840000 - 0x00007ffcf1451000 	D:\Users\hkeshavarao\.jdks\openjdk-18.0.2.1\bin\server\jvm.dll
0x00007ffd8d8b0000 - 0x00007ffd8d8b9000 	C:\Windows\SYSTEM32\WSOCK32.dll
0x00007ffdae3b0000 - 0x00007ffdae41b000 	C:\Windows\System32\WS2_32.dll
0x00007ffd93fd0000 - 0x00007ffd93ff7000 	C:\Windows\SYSTEM32\WINMM.dll
0x00007ffda2bb0000 - 0x00007ffda2bba000 	C:\Windows\SYSTEM32\VERSION.dll
0x00007ffd9f350000 - 0x00007ffd9f35a000 	D:\Users\hkeshavarao\.jdks\openjdk-18.0.2.1\bin\jimage.dll
0x00007ffdab2e0000 - 0x00007ffdab4c4000 	C:\Windows\SYSTEM32\DBGHELP.DLL
0x00007ffd91fa0000 - 0x00007ffd91fd4000 	C:\Windows\SYSTEM32\dbgcore.DLL
0x00007ffdad840000 - 0x00007ffdad8c2000 	C:\Windows\System32\bcryptPrimitives.dll
0x00007ffdaa250000 - 0x00007ffdaa25e000 	D:\Users\hkeshavarao\.jdks\openjdk-18.0.2.1\bin\instrument.dll
0x00007ffd82900000 - 0x00007ffd82925000 	D:\Users\hkeshavarao\.jdks\openjdk-18.0.2.1\bin\java.dll

dbghelp: loaded successfully - version: 4.0.5 - missing functions: none
symbol engine: initialized successfully - sym options: 0x614 - pdb path: .;D:\Users\hkeshavarao\.jdks\openjdk-18.0.2.1\bin;C:\Windows\SYSTEM32;C:\Windows\WinSxS\amd64_microsoft.windows.common-controls_6595b64144ccf1df_6.0.19041.3636_none_60b6a03d71f818d5;C:\Windows\system32\tmumh\20019\AddOn\8.55.0.1288;C:\Windows\system32\tmumh\20019\TmMon\2.9.0.1084;C:\Windows\System32\TmLWE\TmUmSnsr64\1.0.0.1127;D:\Users\hkeshavarao\.jdks\openjdk-18.0.2.1\bin\server

VM Arguments:
jvm_args: -ea -Didea.test.cyclic.buffer.size=1048576 -javaagent:D:\Users\hkeshavarao\AppData\Local\JetBrains\IntelliJ IDEA Community Edition 2022.2.1\lib\idea_rt.jar=61392:D:\Users\hkeshavarao\AppData\Local\JetBrains\IntelliJ IDEA Community Edition 2022.2.1\bin -Dfile.encoding=UTF-8 -Dsun.stdout.encoding=UTF-8 -Dsun.stderr.encoding=UTF-8 
java_command: com.intellij.rt.junit.JUnitStarter -ideVersion5 -junit5 com.example.productservice.Controller.AdminProductControllerTest,testAddProduct
java_class_path (initial): D:\Users\hkeshavarao\.m2\repository\org\junit\platform\junit-platform-launcher\1.10.1\junit-platform-launcher-1.10.1.jar;D:\Users\hkeshavarao\.m2\repository\org\junit\vintage\junit-vintage-engine\5.10.1\junit-vintage-engine-5.10.1.jar;D:\Users\hkeshavarao\AppData\Local\JetBrains\IntelliJ IDEA Community Edition 2022.2.1\lib\idea_rt.jar;D:\Users\hkeshavarao\AppData\Local\JetBrains\IntelliJ IDEA Community Edition 2022.2.1\plugins\junit\lib\junit5-rt.jar;D:\Users\hkeshavarao\AppData\Local\JetBrains\IntelliJ IDEA Community Edition 2022.2.1\plugins\junit\lib\junit-rt.jar;D:\Springboot2024\BackendProjects\SpringbootAssignment2024\product-service\target\test-classes;D:\Springboot2024\BackendProjects\SpringbootAssignment2024\product-service\target\classes;D:\Users\hkeshavarao\.m2\repository\org\springframework\boot\spring-boot-starter-actuator\3.2.2\spring-boot-starter-actuator-3.2.2.jar;D:\Users\hkeshavarao\.m2\repository\org\springframework\boot\spring-boot-starter\3.2.2\spring-boot-starter-3.2.2.jar;D:\Users\hkeshavarao\.m2\repository\org\springframework\boot\spring-boot\3.2.2\spring-boot-3.2.2.jar;D:\Users\hkeshavarao\.m2\repository\org\springframework\boot\spring-boot-autoconfigure\3.2.2\spring-boot-autoconfigure-3.2.2.jar;D:\Users\hkeshavarao\.m2\repository\org\springframework\boot\spring-boot-starter-logging\3.2.2\spring-boot-starter-logging-3.2.2.jar;D:\Users\hkeshavarao\.m2\repository\ch\qos\logback\logback-classic\1.4.14\logback-classic-1.4.14.jar;D:\Users\hkeshavarao\.m2\repository\ch\qos\logback\logback-core\1.4.14\logback-core-1.4.14.jar;D:\Users\hkeshavarao\.m2\repository\org\apache\logging\log4j\log4j-to-slf4j\2.21.1\log4j-to-slf4j-2.21.1.jar;D:\Users\hkeshavarao\.m2\repository\org\apache\logging\log4j\log4j-api\2.21.1\log4j-api-2.21.1.jar;D:\Users\hkeshavarao\.m2\repository\org\slf4j\jul-to-slf4j\2.0.11\jul-to-slf4j-2.0.11.jar;D:\Users\hkeshavarao\.m2\repository\jakarta\annotation\jakarta.annotation-api\2.1.1\jakarta.annotation-api-2.1.1.jar;D:\Users\hkeshavarao\.m2\repository\org\yaml\snakeyaml\2.2\snakeyaml-2.2.jar;D:\Users\hkeshavarao\.m2\repository\org\springframework\boot\spring-boot-actuator-autoconfigure\3.2.2\spring-boot-actuator-autoconfigure-3.2.2.jar;D:\Users\hkeshavarao\.m2\repository\org\springframework\boot\spring-boot-actuator\3.2.2\spring-boot-actuator-3.2.2.jar;D:\Users\hkeshavarao\.m2\repository\com\fasterxml\jackson\core\jackson-databind\2.15.3\jackson-databind-2.15.3.jar;D:\Users\hkeshavarao\.m2\repository\com\fasterxml\jackson\core\jackson-annotations\2.15.3\jackson-annotations-2.15.3.jar;D:\Users\hkeshavarao\.m2\repository\com\fasterxml\jackson\core\jackson-core\2.15.3\jackson-core-2.15.3.jar;D:\Users\hkeshavarao\.m2\repository\com\fasterxml\jackson\datatype\jackson-datatype-jsr310\2.15.3\jackson-datatype-jsr310-2.15.3.jar;D:\Users\hkeshavarao\.m2\repository\io\micrometer\micrometer-observation\1.12.2\micrometer-observation-1.12.2.jar;D:\Users\hkeshavarao\.m2\repository\io\micrometer\micrometer-commons\1.12.2\micrometer-commons-1.12.2.jar;D:\Users\hkeshavarao\.m2\repository\io\micrometer\micrometer-jakarta9\1.12.2\micrometer-jakarta9-1.12.2.jar;D:\Users\hkeshavarao\.m2\repository\io\micrometer\micrometer-core\1.12.2\micrometer-core-1.12.2.jar;D:\Users\hkeshavarao\.m2\repository\org\hdrhistogram\HdrHistogram\2.1.12\HdrHistogram-2.1.12.jar;D:\Users\hkeshavarao\.m2\repository\org\latencyutils\LatencyUtils\2.0.3\LatencyUtils-2.0.3.jar;D:\Users\hkeshavarao\.m2\repository\org\springframework\boot\spring-boot-starter-data-jdbc\3.2.2\spring-boot-starter-data-jdbc-3.2.2.jar;D:\Users\hkeshavarao\.m2\repository\org\springframework\boot\spring-boot-starter-jdbc\3.2.2\spring-boot-starter-jdbc-3.2.2.jar;D:\Users\hkeshavarao\.m2\repository\com\zaxxer\HikariCP\5.0.1\HikariCP-5.0.1.jar;D:\Users\hkeshavarao\.m2\repository\org\springframework\spring-jdbc\6.1.3\spring-jdbc-6.1.3.jar;D:\Users\hkeshavarao\.m2\repository\org\springframework\data\spring-data-jdbc\3.2.2\spring-data-jdbc-3.2.2.jar;D:\Users\hkeshavarao\.m2\repository\org\springframework\data\spring-data-relational\3.2.2\spring-data-relational-3.2.2.jar;D:\Users\hkeshavarao\.m2\repository\com\github\jsqlparser\jsqlparser\4.6\jsqlparser-4.6.jar;D:\Users\hkeshavarao\.m2\repository\org\springframework\data\spring-data-commons\3.2.2\spring-data-commons-3.2.2.jar;D:\Users\hkeshavarao\.m2\repository\org\springframework\spring-tx\6.1.3\spring-tx-6.1.3.jar;D:\Users\hkeshavarao\.m2\repository\org\springframework\spring-context\6.1.3\spring-context-6.1.3.jar;D:\Users\hkeshavarao\.m2\repository\org\springframework\spring-beans\6.1.3\spring-beans-6.1.3.jar;D:\Users\hkeshavarao\.m2\repository\org\springframework\boot\spring-boot-starter-data-jpa\3.2.2\spring-boot-starter-data-jpa-3.2.2.jar;D:\Users\hkeshavarao\.m2\repository\org\springframework\boot\spring-boot-starter-aop\3.2.2\spring-boot-starter-aop-3.2.2.jar;D:\Users\hkeshavarao\.m2\repository\org\springframework\spring-aop\6.1.3\spring-aop-6.1.3.jar;D:\Users\hkeshavarao\.m2\repository\org\aspectj\aspectjweaver\1.9.21\aspectjweaver-1.9.21.jar;D:\Users\hkeshavarao\.m2\repository\org\hibernate\orm\hibernate-core\6.4.1.Final\hibernate-core-6.4.1.Final.jar;D:\Users\hkeshavarao\.m2\repository\jakarta\persistence\jakarta.persistence-api\3.1.0\jakarta.persistence-api-3.1.0.jar;D:\Users\hkeshavarao\.m2\repository\jakarta\transaction\jakarta.transaction-api\2.0.1\jakarta.transaction-api-2.0.1.jar;D:\Users\hkeshavarao\.m2\repository\org\jboss\logging\jboss-logging\3.5.3.Final\jboss-logging-3.5.3.Final.jar;D:\Users\hkeshavarao\.m2\repository\org\hibernate\common\hibernate-commons-annotations\6.0.6.Final\hibernate-commons-annotations-6.0.6.Final.jar;D:\Users\hkeshavarao\.m2\repository\io\smallrye\jandex\3.1.2\jandex-3.1.2.jar;D:\Users\hkeshavarao\.m2\repository\com\fasterxml\classmate\1.6.0\classmate-1.6.0.jar;D:\Users\hkeshavarao\.m2\repository\net\bytebuddy\byte-buddy\1.14.11\byte-buddy-1.14.11.jar;D:\Users\hkeshavarao\.m2\repository\org\glassfish\jaxb\jaxb-runtime\4.0.4\jaxb-runtime-4.0.4.jar;D:\Users\hkeshavarao\.m2\repository\org\glassfish\jaxb\jaxb-core\4.0.4\jaxb-core-4.0.4.jar;D:\Users\hkeshavarao\.m2\repository\org\eclipse\angus\angus-activation\2.0.1\angus-activation-2.0.1.jar;D:\Users\hkeshavarao\.m2\repository\org\glassfish\jaxb\txw2\4.0.4\txw2-4.0.4.jar;D:\Users\hkeshavarao\.m2\repository\com\sun\istack\istack-commons-runtime\4.1.2\istack-commons-runtime-4.1.2.jar;D:\Users\hkeshavarao\.m2\repository\jakarta\inject\jakarta.inject-api\2.0.1\jakarta.inject-api-2.0.1.jar;D:\Users\hkeshavarao\.m2\repository\org\antlr\antlr4-runtime\4.13.0\antlr4-runtime-4.13.0.jar;D:\Users\hkeshavarao\.m2\repository\org\springframework\data\spring-data-jpa\3.2.2\spring-data-jpa-3.2.2.jar;D:\Users\hkeshavarao\.m2\repository\org\springframework\spring-orm\6.1.3\spring-orm-6.1.3.jar;D:\Users\hkeshavarao\.m2\repository\org\springframework\spring-aspects\6.1.3\spring-aspects-6.1.3.jar;D:\Users\hkeshavarao\.m2\repository\org\springdoc\springdoc-openapi-starter-webmvc-ui\2.3.0\springdoc-openapi-starter-webmvc-ui-2.3.0.jar;D:\Users\hkeshavarao\.m2\repository\org\springdoc\springdoc-openapi-starter-webmvc-api\2.3.0\springdoc-openapi-starter-webmvc-api-2.3.0.jar;D:\Users\hkeshavarao\.m2\repository\org\springdoc\springdoc-openapi-starter-common\2.3.0\springdoc-openapi-starter-common-2.3.0.jar;D:\Users\hkeshavarao\.m2\repository\io\swagger\core\v3\swagger-core-jakarta\2.2.19\swagger-core-jakarta-2.2.19.jar;D:\Users\hkeshavarao\.m2\repository\org\apache\commons\commons-lang3\3.13.0\commons-lang3-3.13.0.jar;D:\Users\hkeshavarao\.m2\repository\io\swagger\core\v3\swagger-annotations-jakarta\2.2.19\swagger-annotations-jakarta-2.2.19.jar;D:\Users\hkeshavarao\.m2\repository\io\swagger\core\v3\swagger-models-jakarta\2.2.19\swagger-models-jakarta-2.2.19.jar;D:\Users\hkeshavarao\.m2\repository\com\fasterxml\jackson\dataformat\jackson-dataformat-yaml\2.15.3\jackson-dataformat-yaml-2.15.3.jar;D:\Users\hkeshavarao\.m2\repository\org\webjars\swagger-ui\5.10.3\swagger-ui-5.10.3.jar;D:\Users\hkeshavarao\.m2\repository\org\springframework\boot\spring-boot-starter-validation\3.2.2\spring-boot-starter-validation-3.2.2.jar;D:\Users\hkeshavarao\.m2\repository\org\apache\tomcat\embed\tomcat-embed-el\10.1.18\tomcat-embed-el-10.1.18.jar;D:\Users\hkeshavarao\.m2\repository\org\hibernate\validator\hibernate-validator\8.0.1.Final\hibernate-validator-8.0.1.Final.jar;D:\Users\hkeshavarao\.m2\repository\jakarta\validation\jakarta.validation-api\3.0.2\jakarta.validation-api-3.0.2.jar;D:\Users\hkeshavarao\.m2\repository\org\springframework\boot\spring-boot-starter-thymeleaf\3.2.2\spring-boot-starter-thymeleaf-3.2.2.jar;D:\Users\hkeshavarao\.m2\repository\org\thymeleaf\thymeleaf-spring6\3.1.2.RELEASE\thymeleaf-spring6-3.1.2.RELEASE.jar;D:\Users\hkeshavarao\.m2\repository\org\thymeleaf\thymeleaf\3.1.2.RELEASE\thymeleaf-3.1.2.RELEASE.jar;D:\Users\hkeshavarao\.m2\repository\org\attoparser\attoparser\2.0.7.RELEASE\attoparser-2.0.7.RELEASE.jar;D:\Users\hkeshavarao\.m2\repository\org\unbescape\unbescape\1.1.6.RELEASE\unbescape-1.1.6.RELEASE.jar;D:\Users\hkeshavarao\.m2\repository\org\springframework\boot\spring-boot-starter-web\3.2.2\spring-boot-starter-web-3.2.2.jar;D:\Users\hkeshavarao\.m2\repository\org\springframework\boot\spring-boot-starter-json\3.2.2\spring-boot-starter-json-3.2.2.jar;D:\Users\hkeshavarao\.m2\repository\com\fasterxml\jackson\datatype\jackson-datatype-jdk8\2.15.3\jackson-datatype-jdk8-2.15.3.jar;D:\Users\hkeshavarao\.m2\repository\com\fasterxml\jackson\module\jackson-module-parameter-names\2.15.3\jackson-module-parameter-names-2.15.3.jar;D:\Users\hkeshavarao\.m2\repository\org\springframework\boot\spring-boot-starter-tomcat\3.2.2\spring-boot-starter-tomcat-3.2.2.jar;D:\Users\hkeshavarao\.m2\repository\org\apache\tomcat\embed\tomcat-embed-core\10.1.18\tomcat-embed-core-10.1.18.jar;D:\Users\hkeshavarao\.m2\repository\org\apache\tomcat\embed\tomcat-embed-websocket\10.1.18\tomcat-embed-websocket-10.1.18.jar;D:\Users\hkeshavarao\.m2\repository\org\springframework\spring-web\6.1.3\spring-web-6.1.3.jar;D:\Users\hkeshavarao\.m2\repository\org\springframework\spring-webmvc\6.1.3\spring-webmvc-6.1.3.jar;D:\Users\hkeshavarao\.m2\repository\org\springframework\spring-expression\6.1.3\spring-expression-6.1.3.jar;D:\Users\hkeshavarao\.m2\repository\org\thymeleaf\extras\thymeleaf-extras-springsecurity6\3.1.2.RELEASE\thymeleaf-extras-springsecurity6-3.1.2.RELEASE.jar;D:\Users\hkeshavarao\.m2\repository\org\slf4j\slf4j-api\2.0.11\slf4j-api-2.0.11.jar;D:\Users\hkeshavarao\.m2\repository\com\mysql\mysql-connector-j\8.3.0\mysql-connector-j-8.3.0.jar;D:\Users\hkeshavarao\.m2\repository\org\projectlombok\lombok\1.18.30\lombok-1.18.30.jar;D:\Users\hkeshavarao\.m2\repository\org\springframework\boot\spring-boot-starter-test\3.2.2\spring-boot-starter-test-3.2.2.jar;D:\Users\hkeshavarao\.m2\repository\org\springframework\boot\spring-boot-test\3.2.2\spring-boot-test-3.2.2.jar;D:\Users\hkeshavarao\.m2\repository\org\springframework\boot\spring-boot-test-autoconfigure\3.2.2\spring-boot-test-autoconfigure-3.2.2.jar;D:\Users\hkeshavarao\.m2\repository\com\jayway\jsonpath\json-path\2.8.0\json-path-2.8.0.jar;D:\Users\hkeshavarao\.m2\repository\jakarta\xml\bind\jakarta.xml.bind-api\4.0.1\jakarta.xml.bind-api-4.0.1.jar;D:\Users\hkeshavarao\.m2\repository\jakarta\activation\jakarta.activation-api\2.1.2\jakarta.activation-api-2.1.2.jar;D:\Users\hkeshavarao\.m2\repository\net\minidev\json-smart\2.5.0\json-smart-2.5.0.jar;D:\Users\hkeshavarao\.m2\repository\net\minidev\accessors-smart\2.5.0\accessors-smart-2.5.0.jar;D:\Users\hkeshavarao\.m2\repository\org\ow2\asm\asm\9.3\asm-9.3.jar;D:\Users\hkeshavarao\.m2\repository\org\assertj\assertj-core\3.24.2\assertj-core-3.24.2.jar;D:\Users\hkeshavarao\.m2\repository\org\awaitility\awaitility\4.2.0\awaitility-4.2.0.jar;D:\Users\hkeshavarao\.m2\repository\org\hamcrest\hamcrest\2.2\hamcrest-2.2.jar;D:\Users\hkeshavarao\.m2\repository\org\junit\jupiter\junit-jupiter\5.10.1\junit-jupiter-5.10.1.jar;D:\Users\hkeshavarao\.m2\repository\org\junit\jupiter\junit-jupiter-api\5.10.1\junit-jupiter-api-5.10.1.jar;D:\Users\hkeshavarao\.m2\repository\org\opentest4j\opentest4j\1.3.0\opentest4j-1.3.0.jar;D:\Users\hkeshavarao\.m2\repository\org\junit\platform\junit-platform-commons\1.10.1\junit-platform-commons-1.10.1.jar;D:\Users\hkeshavarao\.m2\repository\org\apiguardian\apiguardian-api\1.1.2\apiguardian-api-1.1.2.jar;D:\Users\hkeshavarao\.m2\repository\org\junit\jupiter\junit-jupiter-params\5.10.1\junit-jupiter-params-5.10.1.jar;D:\Users\hkeshavarao\.m2\repository\org\junit\jupiter\junit-jupiter-engine\5.10.1\junit-jupiter-engine-5.10.1.jar;D:\Users\hkeshavarao\.m2\repository\org\junit\platform\junit-platform-engine\1.10.1\junit-platform-engine-1.10.1.jar;D:\Users\hkeshavarao\.m2\repository\org\mockito\mockito-core\5.7.0\mockito-core-5.7.0.jar;D:\Users\hkeshavarao\.m2\repository\net\bytebuddy\byte-buddy-agent\1.14.11\byte-buddy-agent-1.14.11.jar;D:\Users\hkeshavarao\.m2\repository\org\objenesis\objenesis\3.3\objenesis-3.3.jar;D:\Users\hkeshavarao\.m2\repository\org\mockito\mockito-junit-jupiter\5.7.0\mockito-junit-jupiter-5.7.0.jar;D:\Users\hkeshavarao\.m2\repository\org\skyscreamer\jsonassert\1.5.1\jsonassert-1.5.1.jar;D:\Users\hkeshavarao\.m2\repository\com\vaadin\external\google\android-json\0.0.20131108.vaadin1\android-json-0.0.20131108.vaadin1.jar;D:\Users\hkeshavarao\.m2\repository\org\springframework\spring-core\6.1.3\spring-core-6.1.3.jar;D:\Users\hkeshavarao\.m2\repository\org\springframework\spring-jcl\6.1.3\spring-jcl-6.1.3.jar;D:\Users\hkeshavarao\.m2\repository\org\springframework\spring-test\6.1.3\spring-test-6.1.3.jar;D:\Users\hkeshavarao\.m2\repository\org\xmlunit\xmlunit-core\2.9.1\xmlunit-core-2.9.1.jar;D:\Users\hkeshavarao\.m2\repository\org\springframework\security\spring-security-test\6.2.1\spring-security-test-6.2.1.jar;D:\Users\hkeshavarao\.m2\repository\org\springframework\security\spring-security-core\6.2.1\spring-security-core-6.2.1.jar;D:\Users\hkeshavarao\.m2\repository\org\springframework\security\spring-security-crypto\6.2.1\spring-security-crypto-6.2.1.jar;D:\Users\hkeshavarao\.m2\repository\org\springframework\security\spring-security-web\6.2.1\spring-security-web-6.2.1.jar;D:\Users\hkeshavarao\.m2\repository\junit\junit\4.13.2\junit-4.13.2.jar;D:\Users\hkeshavarao\.m2\repository\org\hamcrest\hamcrest-core\2.2\hamcrest-core-2.2.jar
Launcher Type: SUN_STANDARD

[Global flags]
     intx CICompilerCount                          = 4                                         {product} {ergonomic}
     uint ConcGCThreads                            = 2                                         {product} {ergonomic}
     uint G1ConcRefinementThreads                  = 8                                         {product} {ergonomic}
   size_t G1HeapRegionSize                         = 2097152                                   {product} {ergonomic}
    uintx GCDrainStackTargetSize                   = 64                                        {product} {ergonomic}
   size_t InitialHeapSize                          = 266338304                                 {product} {ergonomic}
   size_t MarkStackSize                            = 4194304                                   {product} {ergonomic}
   size_t MaxHeapSize                              = 4238344192                                {product} {ergonomic}
   size_t MinHeapDeltaBytes                        = 2097152                                   {product} {ergonomic}
   size_t MinHeapSize                              = 8388608                                   {product} {ergonomic}
    uintx NonNMethodCodeHeapSize                   = 5839372                                {pd product} {ergonomic}
    uintx NonProfiledCodeHeapSize                  = 122909434                              {pd product} {ergonomic}
    uintx ProfiledCodeHeapSize                     = 122909434                              {pd product} {ergonomic}
    uintx ReservedCodeCacheSize                    = 251658240                              {pd product} {ergonomic}
     bool SegmentedCodeCache                       = true                                      {product} {ergonomic}
   size_t SoftMaxHeapSize                          = 4238344192                             {manageable} {ergonomic}
     bool UseCompressedClassPointers               = true                           {product lp64_product} {ergonomic}
     bool UseCompressedOops                        = true                           {product lp64_product} {ergonomic}
     bool UseG1GC                                  = true                                      {product} {ergonomic}
     bool UseLargePagesIndividualAllocation        = false                                  {pd product} {ergonomic}

Logging:
Log output configuration:
 #0: stdout all=warning uptime,level,tags foldmultilines=false
 #1: stderr all=off uptime,level,tags foldmultilines=false

Environment Variables:
PATH=C:\Windows\system32;C:\Windows;C:\Windows\System32\Wbem;C:\Windows\System32\WindowsPowerShell\v1.0\;C:\Windows\System32\OpenSSH\;C:\Program Files\Intel\WiFi\bin\;C:\Program Files\Common Files\Intel\WirelessCommon\;C:\Program Files\PuTTY\;C:\Program Files\nodejs\;D:\Users\hkeshavarao\AppData\Local\Microsoft\WindowsApps;D:\Users\hkeshavarao\AppData\Local\Programs\Microsoft VS Code\bin;D:\Users\hkeshavarao\AppData\Roaming\npm;D:\Users\hkeshavarao\AppData\Local\JetBrains\IntelliJ IDEA Community Edition 2022.2.1\bin;;D:\Users\hkeshavarao\Downloads\zulu8.68.0.21-ca-jdk8.0.362-win_x64\zulu8.68.0.21-ca-jdk8.0.362-win_x64\bin;D:\Users\hkeshavarao\AppData\Local\Programs\Git\cmd
USERNAME=hkeshavarao
OS=Windows_NT
PROCESSOR_IDENTIFIER=Intel64 Family 6 Model 142 Stepping 12, GenuineIntel



---------------  S Y S T E M  ---------------

OS:
 Windows 10 , 64 bit Build 19041 (10.0.19041.3636)
OS uptime: 4 days 11:58 hours

CPU: total 8 (initial active 8) (4 cores per cpu, 2 threads per core) family 6 model 142 stepping 12 microcode 0xec, cx8, cmov, fxsr, ht, mmx, 3dnowpref, sse, sse2, sse3, ssse3, sse4.1, sse4.2, popcnt, lzcnt, tsc, tscinvbit, avx, avx2, aes, erms, clmul, bmi1, bmi2, adx, fma, vzeroupper, clflush, clflushopt

Memory: 4k page, system-wide physical 16163M (2091M free)
TotalPageFile size 28872M (AvailPageFile size 135M)
current process WorkingSet (physical memory assigned to process): 15M, peak: 15M
current process commit charge ("private bytes"): 65M, peak: 319M

vm_info: OpenJDK 64-Bit Server VM (18.0.2.1+1-1) for windows-amd64 JRE (18.0.2.1+1-1), built on Aug 16 2022 01:44:29 by "mach5one" with MS VC++ 16.8 / 16.9 (VS2019)

END.
